[0.129s] DEBUG:colcon:Command line arguments: ['/usr/bin/colcon', 'build', '--packages-select', 'example_messages']
[0.129s] DEBUG:colcon:Parsed command line arguments: Namespace(log_base=None, log_level=None, verb_name='build', build_base='build', install_base='install', merge_install=False, symlink_install=False, test_result_base=None, continue_on_error=False, executor='parallel', parallel_workers=8, event_handlers=None, ignore_user_meta=False, metas=['./colcon.meta'], base_paths=['.'], packages_ignore=None, packages_ignore_regex=None, paths=None, packages_up_to=None, packages_up_to_regex=None, packages_above=None, packages_above_and_dependencies=None, packages_above_depth=None, packages_select_by_dep=None, packages_skip_by_dep=None, packages_skip_up_to=None, packages_select_build_failed=False, packages_skip_build_finished=False, packages_select_test_failures=False, packages_skip_test_passed=False, packages_select=['example_messages'], packages_skip=None, packages_select_regex=None, packages_skip_regex=None, packages_start=None, packages_end=None, cmake_args=None, cmake_target=None, cmake_target_skip_unavailable=False, cmake_clean_cache=False, cmake_clean_first=False, cmake_force_configure=False, ament_cmake_args=None, catkin_cmake_args=None, catkin_skip_building_tests=False, mixin_files=None, mixin=None, verb_parser=<colcon_mixin.mixin.mixin_argument.MixinArgumentDecorator object at 0x79545196d520>, verb_extension=<colcon_core.verb.build.BuildVerb object at 0x79545196d220>, main=<bound method BuildVerb.main of <colcon_core.verb.build.BuildVerb object at 0x79545196d220>>, mixin_verb=('build',))
[0.177s] Level 1:colcon.colcon_core.package_discovery:discover_packages(colcon_meta) check parameters
[0.177s] Level 1:colcon.colcon_core.package_discovery:discover_packages(recursive) check parameters
[0.178s] Level 1:colcon.colcon_core.package_discovery:discover_packages(ignore) check parameters
[0.178s] Level 1:colcon.colcon_core.package_discovery:discover_packages(path) check parameters
[0.178s] Level 1:colcon.colcon_core.package_discovery:discover_packages(colcon_meta) discover
[0.178s] Level 1:colcon.colcon_core.package_discovery:discover_packages(recursive) discover
[0.178s] INFO:colcon.colcon_core.package_discovery:Crawling recursively for packages in '/root/ros2course/ch2-2-defining-messages'
[0.178s] Level 1:colcon.colcon_core.package_identification:_identify(.) by extensions ['ignore', 'ignore_ament_install']
[0.178s] Level 1:colcon.colcon_core.package_identification:_identify(.) by extension 'ignore'
[0.178s] Level 1:colcon.colcon_core.package_identification:_identify(.) by extension 'ignore_ament_install'
[0.178s] Level 1:colcon.colcon_core.package_identification:_identify(.) by extensions ['colcon_pkg']
[0.178s] Level 1:colcon.colcon_core.package_identification:_identify(.) by extension 'colcon_pkg'
[0.178s] Level 1:colcon.colcon_core.package_identification:_identify(.) by extensions ['colcon_meta']
[0.178s] Level 1:colcon.colcon_core.package_identification:_identify(.) by extension 'colcon_meta'
[0.178s] Level 1:colcon.colcon_core.package_identification:_identify(.) by extensions ['ros']
[0.178s] Level 1:colcon.colcon_core.package_identification:_identify(.) by extension 'ros'
[0.210s] Level 1:colcon.colcon_core.package_identification:_identify(.) by extensions ['cmake', 'python']
[0.210s] Level 1:colcon.colcon_core.package_identification:_identify(.) by extension 'cmake'
[0.211s] Level 1:colcon.colcon_core.package_identification:_identify(.) by extension 'python'
[0.211s] Level 1:colcon.colcon_core.package_identification:_identify(.) by extensions ['python_setup_py']
[0.211s] Level 1:colcon.colcon_core.package_identification:_identify(.) by extension 'python_setup_py'
[0.211s] Level 1:colcon.colcon_core.package_identification:_identify(build) by extensions ['ignore', 'ignore_ament_install']
[0.211s] Level 1:colcon.colcon_core.package_identification:_identify(build) by extension 'ignore'
[0.211s] Level 1:colcon.colcon_core.package_identification:_identify(build) ignored
[0.211s] Level 1:colcon.colcon_core.package_identification:_identify(example_messages) by extensions ['ignore', 'ignore_ament_install']
[0.212s] Level 1:colcon.colcon_core.package_identification:_identify(example_messages) by extension 'ignore'
[0.212s] Level 1:colcon.colcon_core.package_identification:_identify(example_messages) by extension 'ignore_ament_install'
[0.212s] Level 1:colcon.colcon_core.package_identification:_identify(example_messages) by extensions ['colcon_pkg']
[0.212s] Level 1:colcon.colcon_core.package_identification:_identify(example_messages) by extension 'colcon_pkg'
[0.212s] Level 1:colcon.colcon_core.package_identification:_identify(example_messages) by extensions ['colcon_meta']
[0.212s] Level 1:colcon.colcon_core.package_identification:_identify(example_messages) by extension 'colcon_meta'
[0.212s] Level 1:colcon.colcon_core.package_identification:_identify(example_messages) by extensions ['ros']
[0.212s] Level 1:colcon.colcon_core.package_identification:_identify(example_messages) by extension 'ros'
[0.216s] DEBUG:colcon.colcon_core.package_identification:Package 'example_messages' with type 'ros.ament_cmake' and name 'example_messages'
[0.216s] Level 1:colcon.colcon_core.package_identification:_identify(install) by extensions ['ignore', 'ignore_ament_install']
[0.217s] Level 1:colcon.colcon_core.package_identification:_identify(install) by extension 'ignore'
[0.217s] Level 1:colcon.colcon_core.package_identification:_identify(install) ignored
[0.217s] Level 1:colcon.colcon_core.package_identification:_identify(log) by extensions ['ignore', 'ignore_ament_install']
[0.217s] Level 1:colcon.colcon_core.package_identification:_identify(log) by extension 'ignore'
[0.217s] Level 1:colcon.colcon_core.package_identification:_identify(log) ignored
[0.217s] Level 1:colcon.colcon_core.package_discovery:discover_packages(recursive) using defaults
[0.217s] Level 1:colcon.colcon_core.package_discovery:discover_packages(ignore) discover
[0.217s] Level 1:colcon.colcon_core.package_discovery:discover_packages(ignore) using defaults
[0.217s] Level 1:colcon.colcon_core.package_discovery:discover_packages(path) discover
[0.217s] Level 1:colcon.colcon_core.package_discovery:discover_packages(path) using defaults
[0.240s] Level 5:colcon.colcon_core.verb:set package 'example_messages' build argument 'cmake_args' from command line to 'None'
[0.240s] Level 5:colcon.colcon_core.verb:set package 'example_messages' build argument 'cmake_target' from command line to 'None'
[0.240s] Level 5:colcon.colcon_core.verb:set package 'example_messages' build argument 'cmake_target_skip_unavailable' from command line to 'False'
[0.240s] Level 5:colcon.colcon_core.verb:set package 'example_messages' build argument 'cmake_clean_cache' from command line to 'False'
[0.240s] Level 5:colcon.colcon_core.verb:set package 'example_messages' build argument 'cmake_clean_first' from command line to 'False'
[0.240s] Level 5:colcon.colcon_core.verb:set package 'example_messages' build argument 'cmake_force_configure' from command line to 'False'
[0.240s] Level 5:colcon.colcon_core.verb:set package 'example_messages' build argument 'ament_cmake_args' from command line to 'None'
[0.240s] Level 5:colcon.colcon_core.verb:set package 'example_messages' build argument 'catkin_cmake_args' from command line to 'None'
[0.240s] Level 5:colcon.colcon_core.verb:set package 'example_messages' build argument 'catkin_skip_building_tests' from command line to 'False'
[0.240s] DEBUG:colcon.colcon_core.verb:Building package 'example_messages' with the following arguments: {'ament_cmake_args': None, 'build_base': '/root/ros2course/ch2-2-defining-messages/build/example_messages', 'catkin_cmake_args': None, 'catkin_skip_building_tests': False, 'cmake_args': None, 'cmake_clean_cache': False, 'cmake_clean_first': False, 'cmake_force_configure': False, 'cmake_target': None, 'cmake_target_skip_unavailable': False, 'install_base': '/root/ros2course/ch2-2-defining-messages/install/example_messages', 'merge_install': False, 'path': '/root/ros2course/ch2-2-defining-messages/example_messages', 'symlink_install': False, 'test_result_base': None}
[0.241s] INFO:colcon.colcon_core.executor:Executing jobs using 'parallel' executor
[0.242s] DEBUG:colcon.colcon_parallel_executor.executor.parallel:run_until_complete
[0.242s] INFO:colcon.colcon_ros.task.ament_cmake.build:Building ROS package in '/root/ros2course/ch2-2-defining-messages/example_messages' with build type 'ament_cmake'
[0.243s] INFO:colcon.colcon_cmake.task.cmake.build:Building CMake package in '/root/ros2course/ch2-2-defining-messages/example_messages'
[0.245s] INFO:colcon.colcon_core.plugin_system:Skipping extension 'colcon_core.shell.bat': Not used on non-Windows systems
[0.245s] INFO:colcon.colcon_core.shell:Skip shell extension 'powershell' for command environment: Not usable outside of PowerShell
[0.245s] DEBUG:colcon.colcon_core.shell:Skip shell extension 'dsv' for command environment
[0.264s] DEBUG:colcon.colcon_core.event_handler.log_command:Invoking command in '/root/ros2course/ch2-2-defining-messages/build/example_messages': CMAKE_PREFIX_PATH=${CMAKE_PREFIX_PATH}:/root/ros2course/ch2-1-creating-nodes/ros2-node-test-workspace/install/ros2-sample-package-python:/opt/ros/jazzy /usr/bin/cmake /root/ros2course/ch2-2-defining-messages/example_messages -DCMAKE_INSTALL_PREFIX=/root/ros2course/ch2-2-defining-messages/install/example_messages
[0.826s] DEBUG:colcon.colcon_core.event_handler.log_command:Invoked command in '/root/ros2course/ch2-2-defining-messages/build/example_messages' returned '1': CMAKE_PREFIX_PATH=${CMAKE_PREFIX_PATH}:/root/ros2course/ch2-1-creating-nodes/ros2-node-test-workspace/install/ros2-sample-package-python:/opt/ros/jazzy /usr/bin/cmake /root/ros2course/ch2-2-defining-messages/example_messages -DCMAKE_INSTALL_PREFIX=/root/ros2course/ch2-2-defining-messages/install/example_messages
[0.843s] Level 1:colcon.colcon_core.environment:create_environment_scripts_only(example_messages)
[0.846s] Level 1:colcon.colcon_core.environment:checking '/root/ros2course/ch2-2-defining-messages/install/example_messages' for CMake module files
[0.847s] Level 1:colcon.colcon_core.environment:checking '/root/ros2course/ch2-2-defining-messages/install/example_messages' for CMake config files
[0.847s] Level 1:colcon.colcon_core.environment:checking '/root/ros2course/ch2-2-defining-messages/install/example_messages/bin'
[0.847s] Level 1:colcon.colcon_core.environment:checking '/root/ros2course/ch2-2-defining-messages/install/example_messages/lib/pkgconfig/example_messages.pc'
[0.851s] Level 1:colcon.colcon_core.environment:checking '/root/ros2course/ch2-2-defining-messages/install/example_messages/lib/python3.12/site-packages'
[0.851s] Level 1:colcon.colcon_core.environment:checking '/root/ros2course/ch2-2-defining-messages/install/example_messages/bin'
[0.852s] INFO:colcon.colcon_core.shell:Creating package script '/root/ros2course/ch2-2-defining-messages/install/example_messages/share/example_messages/package.ps1'
[0.855s] INFO:colcon.colcon_core.shell:Creating package descriptor '/root/ros2course/ch2-2-defining-messages/install/example_messages/share/example_messages/package.dsv'
[0.856s] INFO:colcon.colcon_core.shell:Creating package script '/root/ros2course/ch2-2-defining-messages/install/example_messages/share/example_messages/package.sh'
[0.857s] INFO:colcon.colcon_core.shell:Creating package script '/root/ros2course/ch2-2-defining-messages/install/example_messages/share/example_messages/package.bash'
[0.858s] INFO:colcon.colcon_core.shell:Creating package script '/root/ros2course/ch2-2-defining-messages/install/example_messages/share/example_messages/package.zsh'
[0.860s] Level 1:colcon.colcon_core.environment:create_file_with_runtime_dependencies(/root/ros2course/ch2-2-defining-messages/install/example_messages/share/colcon-core/packages/example_messages)
[0.873s] DEBUG:colcon.colcon_parallel_executor.executor.parallel:closing loop
[0.873s] DEBUG:colcon.colcon_parallel_executor.executor.parallel:loop closed
[0.873s] DEBUG:colcon.colcon_parallel_executor.executor.parallel:run_until_complete finished with '1'
[0.874s] DEBUG:colcon.colcon_core.event_reactor:joining thread
[0.882s] INFO:colcon.colcon_core.plugin_system:Skipping extension 'colcon_notification.desktop_notification.notify_send': Could not find 'notify-send'
[0.882s] INFO:colcon.colcon_core.plugin_system:Skipping extension 'colcon_notification.desktop_notification.terminal_notifier': Not used on non-Darwin systems
[0.882s] INFO:colcon.colcon_core.plugin_system:Skipping extension 'colcon_notification.desktop_notification.win32': Not used on non-Windows systems
[0.883s] INFO:colcon.colcon_notification.desktop_notification:Sending desktop notification using 'notify2'
[0.883s] DEBUG:colcon.colcon_notification.desktop_notification.notify2:Failed to initialize notify2: org.freedesktop.DBus.Error.NotSupported: Unable to autolaunch a dbus-daemon without a $DISPLAY for X11
[0.884s] DEBUG:colcon.colcon_core.event_reactor:joined thread
[0.884s] INFO:colcon.colcon_core.shell:Creating prefix script '/root/ros2course/ch2-2-defining-messages/install/local_setup.ps1'
[0.886s] INFO:colcon.colcon_core.shell:Creating prefix util module '/root/ros2course/ch2-2-defining-messages/install/_local_setup_util_ps1.py'
[0.889s] INFO:colcon.colcon_core.shell:Creating prefix chain script '/root/ros2course/ch2-2-defining-messages/install/setup.ps1'
[0.892s] INFO:colcon.colcon_core.shell:Creating prefix script '/root/ros2course/ch2-2-defining-messages/install/local_setup.sh'
[0.893s] INFO:colcon.colcon_core.shell:Creating prefix util module '/root/ros2course/ch2-2-defining-messages/install/_local_setup_util_sh.py'
[0.895s] INFO:colcon.colcon_core.shell:Creating prefix chain script '/root/ros2course/ch2-2-defining-messages/install/setup.sh'
[0.898s] INFO:colcon.colcon_core.shell:Creating prefix script '/root/ros2course/ch2-2-defining-messages/install/local_setup.bash'
[0.900s] INFO:colcon.colcon_core.shell:Creating prefix chain script '/root/ros2course/ch2-2-defining-messages/install/setup.bash'
[0.902s] INFO:colcon.colcon_core.shell:Creating prefix script '/root/ros2course/ch2-2-defining-messages/install/local_setup.zsh'
[0.903s] INFO:colcon.colcon_core.shell:Creating prefix chain script '/root/ros2course/ch2-2-defining-messages/install/setup.zsh'
