[1.507s] Invoking command in '/root/ros2course/ch2-3-make-the-nodes-talk/build/listener_node': PYTHONPATH=/root/ros2course/ch2-3-make-the-nodes-talk/build/listener_node/prefix_override:/usr/lib/python3/dist-packages/colcon_core/task/python/colcon_distutils_commands:/root/ros2course/ch2-3-make-the-nodes-talk/install/listener_node/lib/python3.12/site-packages:${PYTHONPATH} /usr/bin/python3 -W ignore:setup.py install is deprecated -W ignore:easy_install command is deprecated setup.py develop --editable --build-directory /root/ros2course/ch2-3-make-the-nodes-talk/build/listener_node/build --no-deps symlink_data
[2.009s] running develop
[2.328s] running egg_info
[2.328s] creating listener_node.egg-info
[2.352s] writing listener_node.egg-info/PKG-INFO
[2.352s] writing dependency_links to listener_node.egg-info/dependency_links.txt
[2.353s] writing entry points to listener_node.egg-info/entry_points.txt
[2.353s] writing requirements to listener_node.egg-info/requires.txt
[2.353s] writing top-level names to listener_node.egg-info/top_level.txt
[2.353s] writing manifest file 'listener_node.egg-info/SOURCES.txt'
[2.407s] reading manifest file 'listener_node.egg-info/SOURCES.txt'
[2.408s] writing manifest file 'listener_node.egg-info/SOURCES.txt'
[2.436s] running build_ext
[2.436s] Creating /root/ros2course/ch2-3-make-the-nodes-talk/install/listener_node/lib/python3.12/site-packages/listener-node.egg-link (link to .)
[2.437s] Installing listener script to /root/ros2course/ch2-3-make-the-nodes-talk/install/listener_node/lib/listener_node
[2.438s] Installing service_client script to /root/ros2course/ch2-3-make-the-nodes-talk/install/listener_node/lib/listener_node
[2.438s] 
[2.439s] Installed /root/ros2course/ch2-3-make-the-nodes-talk/build/listener_node
[2.439s] running symlink_data
[2.439s] creating /root/ros2course/ch2-3-make-the-nodes-talk/install/listener_node/share/ament_index
[2.439s] creating /root/ros2course/ch2-3-make-the-nodes-talk/install/listener_node/share/ament_index/resource_index
[2.440s] creating /root/ros2course/ch2-3-make-the-nodes-talk/install/listener_node/share/ament_index/resource_index/packages
[2.441s] symbolically linking /root/ros2course/ch2-3-make-the-nodes-talk/build/listener_node/resource/listener_node -> /root/ros2course/ch2-3-make-the-nodes-talk/install/listener_node/share/ament_index/resource_index/packages
[2.441s] symbolically linking /root/ros2course/ch2-3-make-the-nodes-talk/build/listener_node/package.xml -> /root/ros2course/ch2-3-make-the-nodes-talk/install/listener_node/share/listener_node
[2.488s] Invoked command in '/root/ros2course/ch2-3-make-the-nodes-talk/build/listener_node' returned '0': PYTHONPATH=/root/ros2course/ch2-3-make-the-nodes-talk/build/listener_node/prefix_override:/usr/lib/python3/dist-packages/colcon_core/task/python/colcon_distutils_commands:/root/ros2course/ch2-3-make-the-nodes-talk/install/listener_node/lib/python3.12/site-packages:${PYTHONPATH} /usr/bin/python3 -W ignore:setup.py install is deprecated -W ignore:easy_install command is deprecated setup.py develop --editable --build-directory /root/ros2course/ch2-3-make-the-nodes-talk/build/listener_node/build --no-deps symlink_data
