[1.610s] Invoking command in '/root/ros2course/ch2-3-make-the-nodes-talk/build/broadcast_node': AMENT_PREFIX_PATH=/root/ros2course/ch2-3-make-the-nodes-talk/install/msg_package:${AMENT_PREFIX_PATH} CMAKE_PREFIX_PATH=/root/ros2course/ch2-3-make-the-nodes-talk/install/msg_package:${CMAKE_PREFIX_PATH} LD_LIBRARY_PATH=/root/ros2course/ch2-3-make-the-nodes-talk/install/msg_package/lib:${LD_LIBRARY_PATH} PYTHONPATH=/root/ros2course/ch2-3-make-the-nodes-talk/build/broadcast_node/prefix_override:/usr/lib/python3/dist-packages/colcon_core/task/python/colcon_distutils_commands:/root/ros2course/ch2-3-make-the-nodes-talk/install/broadcast_node/lib/python3.12/site-packages:/root/ros2course/ch2-3-make-the-nodes-talk/install/msg_package/lib/python3.12/site-packages:${PYTHONPATH} /usr/bin/python3 -W ignore:setup.py install is deprecated -W ignore:easy_install command is deprecated setup.py develop --editable --build-directory /root/ros2course/ch2-3-make-the-nodes-talk/build/broadcast_node/build --no-deps symlink_data
[2.145s] running develop
[2.449s] running egg_info
[2.449s] creating broadcast_node.egg-info
[2.481s] writing broadcast_node.egg-info/PKG-INFO
[2.481s] writing dependency_links to broadcast_node.egg-info/dependency_links.txt
[2.481s] writing entry points to broadcast_node.egg-info/entry_points.txt
[2.482s] writing requirements to broadcast_node.egg-info/requires.txt
[2.482s] writing top-level names to broadcast_node.egg-info/top_level.txt
[2.483s] writing manifest file 'broadcast_node.egg-info/SOURCES.txt'
[2.537s] reading manifest file 'broadcast_node.egg-info/SOURCES.txt'
[2.538s] writing manifest file 'broadcast_node.egg-info/SOURCES.txt'
[2.571s] running build_ext
[2.572s] Creating /root/ros2course/ch2-3-make-the-nodes-talk/install/broadcast_node/lib/python3.12/site-packages/broadcast-node.egg-link (link to .)
[2.573s] Installing broadcast script to /root/ros2course/ch2-3-make-the-nodes-talk/install/broadcast_node/lib/broadcast_node
[2.574s] 
[2.574s] Installed /root/ros2course/ch2-3-make-the-nodes-talk/build/broadcast_node
[2.575s] running symlink_data
[2.575s] creating /root/ros2course/ch2-3-make-the-nodes-talk/install/broadcast_node/share/ament_index
[2.575s] creating /root/ros2course/ch2-3-make-the-nodes-talk/install/broadcast_node/share/ament_index/resource_index
[2.575s] creating /root/ros2course/ch2-3-make-the-nodes-talk/install/broadcast_node/share/ament_index/resource_index/packages
[2.576s] symbolically linking /root/ros2course/ch2-3-make-the-nodes-talk/build/broadcast_node/resource/broadcast_node -> /root/ros2course/ch2-3-make-the-nodes-talk/install/broadcast_node/share/ament_index/resource_index/packages
[2.577s] symbolically linking /root/ros2course/ch2-3-make-the-nodes-talk/build/broadcast_node/package.xml -> /root/ros2course/ch2-3-make-the-nodes-talk/install/broadcast_node/share/broadcast_node
[2.625s] Invoked command in '/root/ros2course/ch2-3-make-the-nodes-talk/build/broadcast_node' returned '0': AMENT_PREFIX_PATH=/root/ros2course/ch2-3-make-the-nodes-talk/install/msg_package:${AMENT_PREFIX_PATH} CMAKE_PREFIX_PATH=/root/ros2course/ch2-3-make-the-nodes-talk/install/msg_package:${CMAKE_PREFIX_PATH} LD_LIBRARY_PATH=/root/ros2course/ch2-3-make-the-nodes-talk/install/msg_package/lib:${LD_LIBRARY_PATH} PYTHONPATH=/root/ros2course/ch2-3-make-the-nodes-talk/build/broadcast_node/prefix_override:/usr/lib/python3/dist-packages/colcon_core/task/python/colcon_distutils_commands:/root/ros2course/ch2-3-make-the-nodes-talk/install/broadcast_node/lib/python3.12/site-packages:/root/ros2course/ch2-3-make-the-nodes-talk/install/msg_package/lib/python3.12/site-packages:${PYTHONPATH} /usr/bin/python3 -W ignore:setup.py install is deprecated -W ignore:easy_install command is deprecated setup.py develop --editable --build-directory /root/ros2course/ch2-3-make-the-nodes-talk/build/broadcast_node/build --no-deps symlink_data
