[0.038s] Invoking command in '/root/ros2course/ch2-3-make-the-nodes-talk/build/msg_package': CMAKE_PREFIX_PATH=${CMAKE_PREFIX_PATH}:/root/ros2course/ch2-1-creating-nodes/ros2-node-test-workspace/install/ros2-sample-package-python:/opt/ros/jazzy /usr/bin/cmake /root/ros2course/ch2-3-make-the-nodes-talk/src/msg_package -DAMENT_CMAKE_SYMLINK_INSTALL=1 -DCMAKE_INSTALL_PREFIX=/root/ros2course/ch2-3-make-the-nodes-talk/install/msg_package
[0.134s] -- The C compiler identification is GNU 13.3.0
[0.232s] -- The CXX compiler identification is GNU 13.3.0
[0.262s] -- Detecting C compiler ABI info
[0.462s] -- Detecting C compiler ABI info - done
[0.478s] -- Check for working C compiler: /usr/bin/cc - skipped
[0.478s] -- Detecting C compile features
[0.478s] -- Detecting C compile features - done
[0.494s] -- Detecting CXX compiler ABI info
[0.715s] -- Detecting CXX compiler ABI info - done
[0.745s] -- Check for working CXX compiler: /usr/bin/c++ - skipped
[0.749s] -- Detecting CXX compile features
[0.749s] -- Detecting CXX compile features - done
[0.757s] -- Found ament_cmake: 2.5.4 (/opt/ros/jazzy/share/ament_cmake/cmake)
[1.084s] -- Found Python3: /usr/bin/python3 (found version "3.12.3") found components: Interpreter 
[1.223s] -- Override CMake install command with custom implementation using symlinks instead of copying resources
[1.279s] -- Found ament_lint_auto: 0.17.3 (/opt/ros/jazzy/share/ament_lint_auto/cmake)
[1.433s] -- Found geometry_msgs: 5.3.6 (/opt/ros/jazzy/share/geometry_msgs/cmake)
[1.502s] -- Found rosidl_generator_c: 4.6.6 (/opt/ros/jazzy/share/rosidl_generator_c/cmake)
[1.532s] -- Found rosidl_generator_cpp: 4.6.6 (/opt/ros/jazzy/share/rosidl_generator_cpp/cmake)
[1.557s] -- Using all available rosidl_typesupport_c: rosidl_typesupport_fastrtps_c;rosidl_typesupport_introspection_c
[1.589s] -- Using all available rosidl_typesupport_cpp: rosidl_typesupport_fastrtps_cpp;rosidl_typesupport_introspection_cpp
[1.669s] -- Found rosidl_default_generators: 1.6.0 (/opt/ros/jazzy/share/rosidl_default_generators/cmake)
[1.696s] -- Found rosidl_adapter: 4.6.6 (/opt/ros/jazzy/share/rosidl_adapter/cmake)
[2.532s] -- Found ament_cmake_ros: 0.12.0 (/opt/ros/jazzy/share/ament_cmake_ros/cmake)
[3.887s] -- Using all available rosidl_typesupport_c: rosidl_typesupport_fastrtps_c;rosidl_typesupport_introspection_c
[4.390s] -- Using all available rosidl_typesupport_cpp: rosidl_typesupport_fastrtps_cpp;rosidl_typesupport_introspection_cpp
[4.394s] -- Found python_cmake_module: 0.11.1 (/opt/ros/jazzy/share/python_cmake_module/cmake)
[4.592s] -- Found PythonExtra: /usr/bin/python3  
[5.233s] -- Found Python3: /usr/bin/python3 (found version "3.12.3") found components: Interpreter Development NumPy Development.Module Development.Embed 
[5.339s] -- Added test 'lint_cmake' to check CMake code style
[5.341s] -- Added test 'xmllint' to check XML markup files
[5.354s] -- Configuring done (5.3s)
[5.460s] -- Generating done (0.1s)
[5.477s] -- Build files have been written to: /root/ros2course/ch2-3-make-the-nodes-talk/build/msg_package
[5.488s] Invoked command in '/root/ros2course/ch2-3-make-the-nodes-talk/build/msg_package' returned '0': CMAKE_PREFIX_PATH=${CMAKE_PREFIX_PATH}:/root/ros2course/ch2-1-creating-nodes/ros2-node-test-workspace/install/ros2-sample-package-python:/opt/ros/jazzy /usr/bin/cmake /root/ros2course/ch2-3-make-the-nodes-talk/src/msg_package -DAMENT_CMAKE_SYMLINK_INSTALL=1 -DCMAKE_INSTALL_PREFIX=/root/ros2course/ch2-3-make-the-nodes-talk/install/msg_package
[5.491s] Invoking command in '/root/ros2course/ch2-3-make-the-nodes-talk/build/msg_package': CMAKE_PREFIX_PATH=${CMAKE_PREFIX_PATH}:/root/ros2course/ch2-1-creating-nodes/ros2-node-test-workspace/install/ros2-sample-package-python:/opt/ros/jazzy /usr/bin/cmake --build /root/ros2course/ch2-3-make-the-nodes-talk/build/msg_package -- -j8 -l8
[5.575s] [  2%] [34m[1mGenerating type hashes for ROS interfaces[0m
[5.591s] [  2%] Built target ament_cmake_python_symlink_msg_package
[5.859s] [  2%] Built target msg_package__rosidl_generator_type_description
[5.879s] [  4%] [34m[1mGenerating C code for ROS interfaces[0m
[5.892s] [  6%] [34m[1mGenerating C++ code for ROS interfaces[0m
[5.912s] running egg_info
[5.914s] creating msg_package.egg-info
[5.945s] writing msg_package.egg-info/PKG-INFO
[5.945s] writing dependency_links to msg_package.egg-info/dependency_links.txt
[5.945s] writing top-level names to msg_package.egg-info/top_level.txt
[5.946s] writing manifest file 'msg_package.egg-info/SOURCES.txt'
[6.045s] reading manifest file 'msg_package.egg-info/SOURCES.txt'
[6.045s] writing manifest file 'msg_package.egg-info/SOURCES.txt'
[6.087s] [  6%] Built target ament_cmake_python_build_msg_package_egg
[6.316s] [  6%] Built target msg_package__cpp
[6.431s] [  9%] [32mBuilding C object CMakeFiles/msg_package__rosidl_generator_c.dir/rosidl_generator_c/msg_package/msg/detail/broadcast__description.c.o[0m
[6.432s] [ 11%] [32mBuilding C object CMakeFiles/msg_package__rosidl_generator_c.dir/rosidl_generator_c/msg_package/msg/detail/broadcast__type_support.c.o[0m
[6.433s] [ 13%] [32mBuilding C object CMakeFiles/msg_package__rosidl_generator_c.dir/rosidl_generator_c/msg_package/msg/detail/broadcast__functions.c.o[0m
[6.438s] [ 15%] [32mBuilding C object CMakeFiles/msg_package__rosidl_generator_c.dir/rosidl_generator_c/msg_package/srv/detail/transmit__description.c.o[0m
[6.444s] [ 18%] [32mBuilding C object CMakeFiles/msg_package__rosidl_generator_c.dir/rosidl_generator_c/msg_package/srv/detail/transmit__functions.c.o[0m
[6.453s] [ 20%] [32mBuilding C object CMakeFiles/msg_package__rosidl_generator_c.dir/rosidl_generator_c/msg_package/srv/detail/transmit__type_support.c.o[0m
[6.600s] [ 22%] [32m[1mLinking C shared library libmsg_package__rosidl_generator_c.so[0m
[6.662s] [ 22%] Built target msg_package__rosidl_generator_c
[6.681s] [ 27%] [34m[1mGenerating C++ type support dispatch for ROS interfaces[0m
[6.681s] [ 27%] [34m[1mGenerating C++ introspection for ROS interfaces[0m
[6.681s] [ 29%] [34m[1mGenerating C type support for eProsima Fast-RTPS[0m
[6.681s] [ 31%] [34m[1mGenerating C++ type support for eProsima Fast-RTPS[0m
[6.685s] [ 36%] [34m[1mGenerating C introspection for ROS interfaces[0m
[6.685s] [ 36%] [34m[1mGenerating C type support dispatch for ROS interfaces[0m
[7.143s] [ 38%] [32mBuilding CXX object CMakeFiles/msg_package__rosidl_typesupport_cpp.dir/rosidl_typesupport_cpp/msg_package/msg/broadcast__type_support.cpp.o[0m
[7.147s] [ 40%] [32mBuilding CXX object CMakeFiles/msg_package__rosidl_typesupport_c.dir/rosidl_typesupport_c/msg_package/msg/broadcast__type_support.cpp.o[0m
[7.167s] [ 43%] [32mBuilding CXX object CMakeFiles/msg_package__rosidl_typesupport_c.dir/rosidl_typesupport_c/msg_package/srv/transmit__type_support.cpp.o[0m
[7.170s] [ 45%] [32mBuilding CXX object CMakeFiles/msg_package__rosidl_typesupport_cpp.dir/rosidl_typesupport_cpp/msg_package/srv/transmit__type_support.cpp.o[0m
[7.197s] [ 47%] [32mBuilding CXX object CMakeFiles/msg_package__rosidl_typesupport_introspection_cpp.dir/rosidl_typesupport_introspection_cpp/msg_package/msg/detail/broadcast__type_support.cpp.o[0m
[7.259s] [ 50%] [32mBuilding CXX object CMakeFiles/msg_package__rosidl_typesupport_introspection_cpp.dir/rosidl_typesupport_introspection_cpp/msg_package/srv/detail/transmit__type_support.cpp.o[0m
[7.268s] [ 52%] [32mBuilding C object CMakeFiles/msg_package__rosidl_typesupport_introspection_c.dir/rosidl_typesupport_introspection_c/msg_package/msg/detail/broadcast__type_support.c.o[0m
[7.319s] [ 54%] [32m[1mLinking CXX shared library libmsg_package__rosidl_typesupport_c.so[0m
[7.365s] [ 56%] [32mBuilding C object CMakeFiles/msg_package__rosidl_typesupport_introspection_c.dir/rosidl_typesupport_introspection_c/msg_package/srv/detail/transmit__type_support.c.o[0m
[7.371s] [ 59%] [32mBuilding CXX object CMakeFiles/msg_package__rosidl_typesupport_fastrtps_cpp.dir/rosidl_typesupport_fastrtps_cpp/msg_package/msg/detail/dds_fastrtps/broadcast__type_support.cpp.o[0m
[7.387s] [ 61%] [32mBuilding CXX object CMakeFiles/msg_package__rosidl_typesupport_fastrtps_c.dir/rosidl_typesupport_fastrtps_c/msg_package/msg/detail/broadcast__type_support_c.cpp.o[0m
[7.423s] [ 61%] Built target msg_package__rosidl_typesupport_c
[7.442s] [ 63%] [32mBuilding CXX object CMakeFiles/msg_package__rosidl_typesupport_fastrtps_c.dir/rosidl_typesupport_fastrtps_c/msg_package/srv/detail/transmit__type_support_c.cpp.o[0m
[7.485s] [ 65%] [32m[1mLinking C shared library libmsg_package__rosidl_typesupport_introspection_c.so[0m
[7.573s] [ 65%] Built target msg_package__rosidl_typesupport_introspection_c
[7.595s] [ 68%] [32mBuilding CXX object CMakeFiles/msg_package__rosidl_typesupport_fastrtps_cpp.dir/rosidl_typesupport_fastrtps_cpp/msg_package/srv/detail/dds_fastrtps/transmit__type_support.cpp.o[0m
[8.134s] [ 70%] [32m[1mLinking CXX shared library libmsg_package__rosidl_typesupport_cpp.so[0m
[8.187s] [ 72%] [32m[1mLinking CXX shared library libmsg_package__rosidl_typesupport_introspection_cpp.so[0m
[8.300s] [ 72%] Built target msg_package__rosidl_typesupport_cpp
[8.350s] [ 72%] Built target msg_package__rosidl_typesupport_introspection_cpp
[8.533s] [ 75%] [32m[1mLinking CXX shared library libmsg_package__rosidl_typesupport_fastrtps_c.so[0m
[8.627s] [ 75%] Built target msg_package__rosidl_typesupport_fastrtps_c
[8.807s] [ 77%] [32m[1mLinking CXX shared library libmsg_package__rosidl_typesupport_fastrtps_cpp.so[0m
[8.938s] [ 77%] Built target msg_package__rosidl_typesupport_fastrtps_cpp
[8.976s] [ 77%] Built target msg_package
[9.014s] [ 79%] [34m[1mGenerating Python code for ROS interfaces[0m
[9.618s] [ 79%] Built target msg_package__py
[9.653s] [ 84%] [32mBuilding C object CMakeFiles/msg_package__rosidl_generator_py.dir/rosidl_generator_py/msg_package/msg/_broadcast_s.c.o[0m
[9.653s] [ 84%] [32mBuilding C object CMakeFiles/msg_package__rosidl_generator_py.dir/rosidl_generator_py/msg_package/srv/_transmit_s.c.o[0m
[9.949s] [ 86%] [32m[1mLinking C shared library libmsg_package__rosidl_generator_py.so[0m
[10.038s] [ 86%] Built target msg_package__rosidl_generator_py
[10.075s] [ 88%] [32mBuilding C object CMakeFiles/msg_package_s__rosidl_typesupport_introspection_c.dir/rosidl_generator_py/msg_package/_msg_package_s.ep.rosidl_typesupport_introspection_c.c.o[0m
[10.077s] [ 90%] [32mBuilding C object CMakeFiles/msg_package_s__rosidl_typesupport_c.dir/rosidl_generator_py/msg_package/_msg_package_s.ep.rosidl_typesupport_c.c.o[0m
[10.080s] [ 93%] [32mBuilding C object CMakeFiles/msg_package_s__rosidl_typesupport_fastrtps_c.dir/rosidl_generator_py/msg_package/_msg_package_s.ep.rosidl_typesupport_fastrtps_c.c.o[0m
[10.323s] [ 95%] [32m[1mLinking C shared module rosidl_generator_py/msg_package/msg_package_s__rosidl_typesupport_introspection_c.so[0m
[10.325s] [ 97%] [32m[1mLinking C shared module rosidl_generator_py/msg_package/msg_package_s__rosidl_typesupport_c.so[0m
[10.370s] [100%] [32m[1mLinking C shared module rosidl_generator_py/msg_package/msg_package_s__rosidl_typesupport_fastrtps_c.so[0m
[10.424s] [100%] Built target msg_package_s__rosidl_typesupport_c
[10.427s] [100%] Built target msg_package_s__rosidl_typesupport_introspection_c
[10.448s] [100%] Built target msg_package_s__rosidl_typesupport_fastrtps_c
[10.474s] Invoked command in '/root/ros2course/ch2-3-make-the-nodes-talk/build/msg_package' returned '0': CMAKE_PREFIX_PATH=${CMAKE_PREFIX_PATH}:/root/ros2course/ch2-1-creating-nodes/ros2-node-test-workspace/install/ros2-sample-package-python:/opt/ros/jazzy /usr/bin/cmake --build /root/ros2course/ch2-3-make-the-nodes-talk/build/msg_package -- -j8 -l8
[10.494s] Invoking command in '/root/ros2course/ch2-3-make-the-nodes-talk/build/msg_package': CMAKE_PREFIX_PATH=${CMAKE_PREFIX_PATH}:/root/ros2course/ch2-1-creating-nodes/ros2-node-test-workspace/install/ros2-sample-package-python:/opt/ros/jazzy /usr/bin/cmake --install /root/ros2course/ch2-3-make-the-nodes-talk/build/msg_package
[10.511s] -- Install configuration: ""
[10.512s] -- Execute custom install script
[10.515s] -- Symlinking: /root/ros2course/ch2-3-make-the-nodes-talk/install/msg_package/share/ament_index/resource_index/rosidl_interfaces/msg_package
[10.535s] -- Symlinking: /root/ros2course/ch2-3-make-the-nodes-talk/install/msg_package/share/msg_package/msg/Broadcast.json
[10.552s] -- Symlinking: /root/ros2course/ch2-3-make-the-nodes-talk/install/msg_package/share/msg_package/srv/Transmit.json
[10.571s] -- Symlinking: /root/ros2course/ch2-3-make-the-nodes-talk/install/msg_package/include/msg_package/msg_package/msg/broadcast.h
[10.590s] -- Symlinking: /root/ros2course/ch2-3-make-the-nodes-talk/install/msg_package/include/msg_package/msg_package/msg/detail/broadcast__functions.h
[10.608s] -- Symlinking: /root/ros2course/ch2-3-make-the-nodes-talk/install/msg_package/include/msg_package/msg_package/msg/detail/broadcast__struct.h
[10.625s] -- Symlinking: /root/ros2course/ch2-3-make-the-nodes-talk/install/msg_package/include/msg_package/msg_package/msg/detail/broadcast__type_support.h
[10.643s] -- Symlinking: /root/ros2course/ch2-3-make-the-nodes-talk/install/msg_package/include/msg_package/msg_package/msg/rosidl_generator_c__visibility_control.h
[10.664s] -- Symlinking: /root/ros2course/ch2-3-make-the-nodes-talk/install/msg_package/include/msg_package/msg_package/srv/detail/transmit__functions.h
[10.687s] -- Symlinking: /root/ros2course/ch2-3-make-the-nodes-talk/install/msg_package/include/msg_package/msg_package/srv/detail/transmit__struct.h
[10.710s] -- Symlinking: /root/ros2course/ch2-3-make-the-nodes-talk/install/msg_package/include/msg_package/msg_package/srv/detail/transmit__type_support.h
[10.732s] -- Symlinking: /root/ros2course/ch2-3-make-the-nodes-talk/install/msg_package/include/msg_package/msg_package/srv/transmit.h
[10.754s] -- Symlinking: /root/ros2course/ch2-3-make-the-nodes-talk/install/msg_package/share/msg_package/environment/library_path.sh
[10.774s] -- Symlinking: /root/ros2course/ch2-3-make-the-nodes-talk/install/msg_package/share/msg_package/environment/library_path.dsv
[10.797s] -- Symlinking: /root/ros2course/ch2-3-make-the-nodes-talk/install/msg_package/include/msg_package/msg_package/msg/detail/broadcast__rosidl_typesupport_fastrtps_c.h
[10.821s] -- Symlinking: /root/ros2course/ch2-3-make-the-nodes-talk/install/msg_package/include/msg_package/msg_package/msg/rosidl_typesupport_fastrtps_c__visibility_control.h
[10.856s] -- Symlinking: /root/ros2course/ch2-3-make-the-nodes-talk/install/msg_package/include/msg_package/msg_package/srv/detail/transmit__rosidl_typesupport_fastrtps_c.h
[10.890s] -- Symlinking: /root/ros2course/ch2-3-make-the-nodes-talk/install/msg_package/include/msg_package/msg_package/msg/broadcast.hpp
[10.920s] -- Symlinking: /root/ros2course/ch2-3-make-the-nodes-talk/install/msg_package/include/msg_package/msg_package/msg/detail/broadcast__builder.hpp
[10.937s] -- Symlinking: /root/ros2course/ch2-3-make-the-nodes-talk/install/msg_package/include/msg_package/msg_package/msg/detail/broadcast__struct.hpp
[10.954s] -- Symlinking: /root/ros2course/ch2-3-make-the-nodes-talk/install/msg_package/include/msg_package/msg_package/msg/detail/broadcast__traits.hpp
[10.973s] -- Symlinking: /root/ros2course/ch2-3-make-the-nodes-talk/install/msg_package/include/msg_package/msg_package/msg/detail/broadcast__type_support.hpp
[10.994s] -- Symlinking: /root/ros2course/ch2-3-make-the-nodes-talk/install/msg_package/include/msg_package/msg_package/msg/rosidl_generator_cpp__visibility_control.hpp
[11.013s] -- Symlinking: /root/ros2course/ch2-3-make-the-nodes-talk/install/msg_package/include/msg_package/msg_package/srv/detail/transmit__builder.hpp
[11.030s] -- Symlinking: /root/ros2course/ch2-3-make-the-nodes-talk/install/msg_package/include/msg_package/msg_package/srv/detail/transmit__struct.hpp
[11.047s] -- Symlinking: /root/ros2course/ch2-3-make-the-nodes-talk/install/msg_package/include/msg_package/msg_package/srv/detail/transmit__traits.hpp
[11.063s] -- Symlinking: /root/ros2course/ch2-3-make-the-nodes-talk/install/msg_package/include/msg_package/msg_package/srv/detail/transmit__type_support.hpp
[11.079s] -- Symlinking: /root/ros2course/ch2-3-make-the-nodes-talk/install/msg_package/include/msg_package/msg_package/srv/transmit.hpp
[11.099s] -- Symlinking: /root/ros2course/ch2-3-make-the-nodes-talk/install/msg_package/include/msg_package/msg_package/msg/detail/broadcast__rosidl_typesupport_fastrtps_cpp.hpp
[11.116s] -- Symlinking: /root/ros2course/ch2-3-make-the-nodes-talk/install/msg_package/include/msg_package/msg_package/msg/rosidl_typesupport_fastrtps_cpp__visibility_control.h
[11.129s] -- Symlinking: /root/ros2course/ch2-3-make-the-nodes-talk/install/msg_package/include/msg_package/msg_package/srv/detail/transmit__rosidl_typesupport_fastrtps_cpp.hpp
[11.144s] -- Symlinking: /root/ros2course/ch2-3-make-the-nodes-talk/install/msg_package/include/msg_package/msg_package/msg/detail/broadcast__rosidl_typesupport_introspection_c.h
[11.160s] -- Symlinking: /root/ros2course/ch2-3-make-the-nodes-talk/install/msg_package/include/msg_package/msg_package/msg/rosidl_typesupport_introspection_c__visibility_control.h
[11.174s] -- Symlinking: /root/ros2course/ch2-3-make-the-nodes-talk/install/msg_package/include/msg_package/msg_package/srv/detail/transmit__rosidl_typesupport_introspection_c.h
[11.188s] -- Symlinking: /root/ros2course/ch2-3-make-the-nodes-talk/install/msg_package/include/msg_package/msg_package/msg/detail/broadcast__rosidl_typesupport_introspection_cpp.hpp
[11.205s] -- Symlinking: /root/ros2course/ch2-3-make-the-nodes-talk/install/msg_package/include/msg_package/msg_package/srv/detail/transmit__rosidl_typesupport_introspection_cpp.hpp
[11.220s] -- Symlinking: /root/ros2course/ch2-3-make-the-nodes-talk/install/msg_package/share/msg_package/environment/pythonpath.sh
[11.236s] -- Symlinking: /root/ros2course/ch2-3-make-the-nodes-talk/install/msg_package/share/msg_package/environment/pythonpath.dsv
[11.254s] -- Symlinking: /root/ros2course/ch2-3-make-the-nodes-talk/install/msg_package/lib/python3.12/site-packages/msg_package-0.0.0-py3.12.egg-info/PKG-INFO
[11.269s] -- Symlinking: /root/ros2course/ch2-3-make-the-nodes-talk/install/msg_package/lib/python3.12/site-packages/msg_package-0.0.0-py3.12.egg-info/SOURCES.txt
[11.282s] -- Symlinking: /root/ros2course/ch2-3-make-the-nodes-talk/install/msg_package/lib/python3.12/site-packages/msg_package-0.0.0-py3.12.egg-info/dependency_links.txt
[11.299s] -- Symlinking: /root/ros2course/ch2-3-make-the-nodes-talk/install/msg_package/lib/python3.12/site-packages/msg_package-0.0.0-py3.12.egg-info/top_level.txt
[11.317s] -- Symlinking: /root/ros2course/ch2-3-make-the-nodes-talk/install/msg_package/lib/python3.12/site-packages/msg_package/__init__.py
[11.337s] -- Symlinking: /root/ros2course/ch2-3-make-the-nodes-talk/install/msg_package/lib/python3.12/site-packages/msg_package/_msg_package_s.ep.rosidl_typesupport_c.c
[11.355s] -- Symlinking: /root/ros2course/ch2-3-make-the-nodes-talk/install/msg_package/lib/python3.12/site-packages/msg_package/_msg_package_s.ep.rosidl_typesupport_fastrtps_c.c
[11.372s] -- Symlinking: /root/ros2course/ch2-3-make-the-nodes-talk/install/msg_package/lib/python3.12/site-packages/msg_package/_msg_package_s.ep.rosidl_typesupport_introspection_c.c
[11.387s] -- Symlinking: /root/ros2course/ch2-3-make-the-nodes-talk/install/msg_package/lib/python3.12/site-packages/msg_package/msg/__init__.py
[11.404s] -- Symlinking: /root/ros2course/ch2-3-make-the-nodes-talk/install/msg_package/lib/python3.12/site-packages/msg_package/msg/_broadcast.py
[11.418s] -- Symlinking: /root/ros2course/ch2-3-make-the-nodes-talk/install/msg_package/lib/python3.12/site-packages/msg_package/msg/_broadcast_s.c
[11.432s] -- Symlinking: /root/ros2course/ch2-3-make-the-nodes-talk/install/msg_package/lib/python3.12/site-packages/msg_package/msg_package_s__rosidl_typesupport_c.so
[11.445s] -- Symlinking: /root/ros2course/ch2-3-make-the-nodes-talk/install/msg_package/lib/python3.12/site-packages/msg_package/msg_package_s__rosidl_typesupport_fastrtps_c.so
[11.462s] -- Symlinking: /root/ros2course/ch2-3-make-the-nodes-talk/install/msg_package/lib/python3.12/site-packages/msg_package/msg_package_s__rosidl_typesupport_introspection_c.so
[11.477s] -- Symlinking: /root/ros2course/ch2-3-make-the-nodes-talk/install/msg_package/lib/python3.12/site-packages/msg_package/srv/__init__.py
[11.490s] -- Symlinking: /root/ros2course/ch2-3-make-the-nodes-talk/install/msg_package/lib/python3.12/site-packages/msg_package/srv/_transmit.py
[11.510s] -- Symlinking: /root/ros2course/ch2-3-make-the-nodes-talk/install/msg_package/lib/python3.12/site-packages/msg_package/srv/_transmit_s.c
[11.525s] -- Up-to-date symlink: /root/ros2course/ch2-3-make-the-nodes-talk/install/msg_package/lib/python3.12/site-packages/msg_package/msg_package_s__rosidl_typesupport_fastrtps_c.so
[11.526s] -- Up-to-date symlink: /root/ros2course/ch2-3-make-the-nodes-talk/install/msg_package/lib/python3.12/site-packages/msg_package/msg_package_s__rosidl_typesupport_introspection_c.so
[11.526s] -- Up-to-date symlink: /root/ros2course/ch2-3-make-the-nodes-talk/install/msg_package/lib/python3.12/site-packages/msg_package/msg_package_s__rosidl_typesupport_c.so
[11.527s] -- Symlinking: /root/ros2course/ch2-3-make-the-nodes-talk/install/msg_package/share/msg_package/msg/Broadcast.idl
[11.543s] -- Symlinking: /root/ros2course/ch2-3-make-the-nodes-talk/install/msg_package/share/msg_package/srv/Transmit.idl
[11.561s] -- Symlinking: /root/ros2course/ch2-3-make-the-nodes-talk/install/msg_package/share/msg_package/msg/Broadcast.msg
[11.574s] -- Symlinking: /root/ros2course/ch2-3-make-the-nodes-talk/install/msg_package/share/msg_package/srv/Transmit.srv
[11.591s] -- Symlinking: /root/ros2course/ch2-3-make-the-nodes-talk/install/msg_package/share/ament_index/resource_index/package_run_dependencies/msg_package
[11.610s] -- Symlinking: /root/ros2course/ch2-3-make-the-nodes-talk/install/msg_package/share/ament_index/resource_index/parent_prefix_path/msg_package
[11.626s] -- Symlinking: /root/ros2course/ch2-3-make-the-nodes-talk/install/msg_package/share/msg_package/environment/ament_prefix_path.sh
[11.641s] -- Symlinking: /root/ros2course/ch2-3-make-the-nodes-talk/install/msg_package/share/msg_package/environment/ament_prefix_path.dsv
[11.657s] -- Symlinking: /root/ros2course/ch2-3-make-the-nodes-talk/install/msg_package/share/msg_package/environment/path.sh
[11.672s] -- Symlinking: /root/ros2course/ch2-3-make-the-nodes-talk/install/msg_package/share/msg_package/environment/path.dsv
[11.685s] -- Symlinking: /root/ros2course/ch2-3-make-the-nodes-talk/install/msg_package/share/msg_package/local_setup.bash
[11.703s] -- Symlinking: /root/ros2course/ch2-3-make-the-nodes-talk/install/msg_package/share/msg_package/local_setup.sh
[11.717s] -- Symlinking: /root/ros2course/ch2-3-make-the-nodes-talk/install/msg_package/share/msg_package/local_setup.zsh
[11.731s] -- Symlinking: /root/ros2course/ch2-3-make-the-nodes-talk/install/msg_package/share/msg_package/local_setup.dsv
[11.748s] -- Symlinking: /root/ros2course/ch2-3-make-the-nodes-talk/install/msg_package/share/msg_package/package.dsv
[11.764s] -- Symlinking: /root/ros2course/ch2-3-make-the-nodes-talk/install/msg_package/share/ament_index/resource_index/packages/msg_package
[11.778s] -- Symlinking: /root/ros2course/ch2-3-make-the-nodes-talk/install/msg_package/share/msg_package/cmake/rosidl_cmake-extras.cmake
[11.793s] -- Symlinking: /root/ros2course/ch2-3-make-the-nodes-talk/install/msg_package/share/msg_package/cmake/ament_cmake_export_dependencies-extras.cmake
[11.811s] -- Symlinking: /root/ros2course/ch2-3-make-the-nodes-talk/install/msg_package/share/msg_package/cmake/ament_cmake_export_include_directories-extras.cmake
[11.825s] -- Symlinking: /root/ros2course/ch2-3-make-the-nodes-talk/install/msg_package/share/msg_package/cmake/ament_cmake_export_libraries-extras.cmake
[11.841s] -- Symlinking: /root/ros2course/ch2-3-make-the-nodes-talk/install/msg_package/share/msg_package/cmake/ament_cmake_export_targets-extras.cmake
[11.857s] -- Symlinking: /root/ros2course/ch2-3-make-the-nodes-talk/install/msg_package/share/msg_package/cmake/rosidl_cmake_export_typesupport_targets-extras.cmake
[11.872s] -- Symlinking: /root/ros2course/ch2-3-make-the-nodes-talk/install/msg_package/share/msg_package/cmake/rosidl_cmake_export_typesupport_libraries-extras.cmake
[11.884s] -- Symlinking: /root/ros2course/ch2-3-make-the-nodes-talk/install/msg_package/share/msg_package/cmake/msg_packageConfig.cmake
[11.902s] -- Symlinking: /root/ros2course/ch2-3-make-the-nodes-talk/install/msg_package/share/msg_package/cmake/msg_packageConfig-version.cmake
[11.918s] -- Symlinking: /root/ros2course/ch2-3-make-the-nodes-talk/install/msg_package/share/msg_package/package.xml
[11.932s] -- Installing: /root/ros2course/ch2-3-make-the-nodes-talk/install/msg_package/lib/libmsg_package__rosidl_generator_c.so
[11.933s] -- Set non-toolchain portion of runtime path of "/root/ros2course/ch2-3-make-the-nodes-talk/install/msg_package/lib/libmsg_package__rosidl_generator_c.so" to ""
[11.933s] -- Installing: /root/ros2course/ch2-3-make-the-nodes-talk/install/msg_package/lib/libmsg_package__rosidl_typesupport_fastrtps_c.so
[11.933s] -- Set non-toolchain portion of runtime path of "/root/ros2course/ch2-3-make-the-nodes-talk/install/msg_package/lib/libmsg_package__rosidl_typesupport_fastrtps_c.so" to ""
[11.934s] -- Installing: /root/ros2course/ch2-3-make-the-nodes-talk/install/msg_package/lib/libmsg_package__rosidl_typesupport_fastrtps_cpp.so
[11.935s] -- Set non-toolchain portion of runtime path of "/root/ros2course/ch2-3-make-the-nodes-talk/install/msg_package/lib/libmsg_package__rosidl_typesupport_fastrtps_cpp.so" to ""
[11.935s] -- Installing: /root/ros2course/ch2-3-make-the-nodes-talk/install/msg_package/lib/libmsg_package__rosidl_typesupport_introspection_c.so
[11.935s] -- Set non-toolchain portion of runtime path of "/root/ros2course/ch2-3-make-the-nodes-talk/install/msg_package/lib/libmsg_package__rosidl_typesupport_introspection_c.so" to ""
[11.936s] -- Installing: /root/ros2course/ch2-3-make-the-nodes-talk/install/msg_package/lib/libmsg_package__rosidl_typesupport_c.so
[11.936s] -- Set non-toolchain portion of runtime path of "/root/ros2course/ch2-3-make-the-nodes-talk/install/msg_package/lib/libmsg_package__rosidl_typesupport_c.so" to ""
[11.937s] -- Installing: /root/ros2course/ch2-3-make-the-nodes-talk/install/msg_package/lib/libmsg_package__rosidl_typesupport_introspection_cpp.so
[11.938s] -- Set non-toolchain portion of runtime path of "/root/ros2course/ch2-3-make-the-nodes-talk/install/msg_package/lib/libmsg_package__rosidl_typesupport_introspection_cpp.so" to ""
[11.938s] -- Installing: /root/ros2course/ch2-3-make-the-nodes-talk/install/msg_package/lib/libmsg_package__rosidl_typesupport_cpp.so
[11.939s] -- Set non-toolchain portion of runtime path of "/root/ros2course/ch2-3-make-the-nodes-talk/install/msg_package/lib/libmsg_package__rosidl_typesupport_cpp.so" to ""
[11.997s] Listing '/root/ros2course/ch2-3-make-the-nodes-talk/install/msg_package/lib/python3.12/site-packages/msg_package'...
[11.998s] Compiling '/root/ros2course/ch2-3-make-the-nodes-talk/install/msg_package/lib/python3.12/site-packages/msg_package/__init__.py'...
[11.998s] Listing '/root/ros2course/ch2-3-make-the-nodes-talk/install/msg_package/lib/python3.12/site-packages/msg_package/msg'...
[11.998s] Compiling '/root/ros2course/ch2-3-make-the-nodes-talk/install/msg_package/lib/python3.12/site-packages/msg_package/msg/__init__.py'...
[11.998s] Compiling '/root/ros2course/ch2-3-make-the-nodes-talk/install/msg_package/lib/python3.12/site-packages/msg_package/msg/_broadcast.py'...
[11.998s] Listing '/root/ros2course/ch2-3-make-the-nodes-talk/install/msg_package/lib/python3.12/site-packages/msg_package/srv'...
[11.999s] Compiling '/root/ros2course/ch2-3-make-the-nodes-talk/install/msg_package/lib/python3.12/site-packages/msg_package/srv/__init__.py'...
[11.999s] Compiling '/root/ros2course/ch2-3-make-the-nodes-talk/install/msg_package/lib/python3.12/site-packages/msg_package/srv/_transmit.py'...
[12.007s] -- Installing: /root/ros2course/ch2-3-make-the-nodes-talk/install/msg_package/lib/libmsg_package__rosidl_generator_py.so
[12.008s] -- Set non-toolchain portion of runtime path of "/root/ros2course/ch2-3-make-the-nodes-talk/install/msg_package/lib/libmsg_package__rosidl_generator_py.so" to ""
[12.008s] -- Installing: /root/ros2course/ch2-3-make-the-nodes-talk/install/msg_package/share/msg_package/cmake/export_msg_package__rosidl_generator_cExport.cmake
[12.009s] -- Installing: /root/ros2course/ch2-3-make-the-nodes-talk/install/msg_package/share/msg_package/cmake/export_msg_package__rosidl_generator_cExport-noconfig.cmake
[12.009s] -- Installing: /root/ros2course/ch2-3-make-the-nodes-talk/install/msg_package/share/msg_package/cmake/export_msg_package__rosidl_typesupport_fastrtps_cExport.cmake
[12.009s] -- Installing: /root/ros2course/ch2-3-make-the-nodes-talk/install/msg_package/share/msg_package/cmake/export_msg_package__rosidl_typesupport_fastrtps_cExport-noconfig.cmake
[12.010s] -- Installing: /root/ros2course/ch2-3-make-the-nodes-talk/install/msg_package/share/msg_package/cmake/export_msg_package__rosidl_generator_cppExport.cmake
[12.010s] -- Installing: /root/ros2course/ch2-3-make-the-nodes-talk/install/msg_package/share/msg_package/cmake/export_msg_package__rosidl_typesupport_fastrtps_cppExport.cmake
[12.011s] -- Installing: /root/ros2course/ch2-3-make-the-nodes-talk/install/msg_package/share/msg_package/cmake/export_msg_package__rosidl_typesupport_fastrtps_cppExport-noconfig.cmake
[12.011s] -- Installing: /root/ros2course/ch2-3-make-the-nodes-talk/install/msg_package/share/msg_package/cmake/msg_package__rosidl_typesupport_introspection_cExport.cmake
[12.011s] -- Installing: /root/ros2course/ch2-3-make-the-nodes-talk/install/msg_package/share/msg_package/cmake/msg_package__rosidl_typesupport_introspection_cExport-noconfig.cmake
[12.012s] -- Installing: /root/ros2course/ch2-3-make-the-nodes-talk/install/msg_package/share/msg_package/cmake/msg_package__rosidl_typesupport_cExport.cmake
[12.012s] -- Installing: /root/ros2course/ch2-3-make-the-nodes-talk/install/msg_package/share/msg_package/cmake/msg_package__rosidl_typesupport_cExport-noconfig.cmake
[12.012s] -- Installing: /root/ros2course/ch2-3-make-the-nodes-talk/install/msg_package/share/msg_package/cmake/msg_package__rosidl_typesupport_introspection_cppExport.cmake
[12.013s] -- Installing: /root/ros2course/ch2-3-make-the-nodes-talk/install/msg_package/share/msg_package/cmake/msg_package__rosidl_typesupport_introspection_cppExport-noconfig.cmake
[12.013s] -- Installing: /root/ros2course/ch2-3-make-the-nodes-talk/install/msg_package/share/msg_package/cmake/msg_package__rosidl_typesupport_cppExport.cmake
[12.014s] -- Installing: /root/ros2course/ch2-3-make-the-nodes-talk/install/msg_package/share/msg_package/cmake/msg_package__rosidl_typesupport_cppExport-noconfig.cmake
[12.014s] -- Installing: /root/ros2course/ch2-3-make-the-nodes-talk/install/msg_package/share/msg_package/cmake/export_msg_package__rosidl_generator_pyExport.cmake
[12.014s] -- Installing: /root/ros2course/ch2-3-make-the-nodes-talk/install/msg_package/share/msg_package/cmake/export_msg_package__rosidl_generator_pyExport-noconfig.cmake
[12.018s] Invoked command in '/root/ros2course/ch2-3-make-the-nodes-talk/build/msg_package' returned '0': CMAKE_PREFIX_PATH=${CMAKE_PREFIX_PATH}:/root/ros2course/ch2-1-creating-nodes/ros2-node-test-workspace/install/ros2-sample-package-python:/opt/ros/jazzy /usr/bin/cmake --install /root/ros2course/ch2-3-make-the-nodes-talk/build/msg_package
