[0.142s] DEBUG:colcon:Command line arguments: ['/usr/bin/colcon', 'build', '--symlink-install']
[0.143s] DEBUG:colcon:Parsed command line arguments: Namespace(log_base=None, log_level=None, verb_name='build', build_base='build', install_base='install', merge_install=False, symlink_install=True, test_result_base=None, continue_on_error=False, executor='parallel', parallel_workers=8, event_handlers=None, ignore_user_meta=False, metas=['./colcon.meta'], base_paths=['.'], packages_ignore=None, packages_ignore_regex=None, paths=None, packages_up_to=None, packages_up_to_regex=None, packages_above=None, packages_above_and_dependencies=None, packages_above_depth=None, packages_select_by_dep=None, packages_skip_by_dep=None, packages_skip_up_to=None, packages_select_build_failed=False, packages_skip_build_finished=False, packages_select_test_failures=False, packages_skip_test_passed=False, packages_select=None, packages_skip=None, packages_select_regex=None, packages_skip_regex=None, packages_start=None, packages_end=None, cmake_args=None, cmake_target=None, cmake_target_skip_unavailable=False, cmake_clean_cache=False, cmake_clean_first=False, cmake_force_configure=False, ament_cmake_args=None, catkin_cmake_args=None, catkin_skip_building_tests=False, mixin_files=None, mixin=None, verb_parser=<colcon_mixin.mixin.mixin_argument.MixinArgumentDecorator object at 0x79e13217d190>, verb_extension=<colcon_core.verb.build.BuildVerb object at 0x79e13217ce90>, main=<bound method BuildVerb.main of <colcon_core.verb.build.BuildVerb object at 0x79e13217ce90>>, mixin_verb=('build',))
[0.196s] Level 1:colcon.colcon_core.package_discovery:discover_packages(colcon_meta) check parameters
[0.196s] Level 1:colcon.colcon_core.package_discovery:discover_packages(recursive) check parameters
[0.196s] Level 1:colcon.colcon_core.package_discovery:discover_packages(ignore) check parameters
[0.196s] Level 1:colcon.colcon_core.package_discovery:discover_packages(path) check parameters
[0.196s] Level 1:colcon.colcon_core.package_discovery:discover_packages(colcon_meta) discover
[0.196s] Level 1:colcon.colcon_core.package_discovery:discover_packages(recursive) discover
[0.196s] INFO:colcon.colcon_core.package_discovery:Crawling recursively for packages in '/root/ros2course/ch2-3-make-the-nodes-talk'
[0.196s] Level 1:colcon.colcon_core.package_identification:_identify(.) by extensions ['ignore', 'ignore_ament_install']
[0.196s] Level 1:colcon.colcon_core.package_identification:_identify(.) by extension 'ignore'
[0.197s] Level 1:colcon.colcon_core.package_identification:_identify(.) by extension 'ignore_ament_install'
[0.197s] Level 1:colcon.colcon_core.package_identification:_identify(.) by extensions ['colcon_pkg']
[0.197s] Level 1:colcon.colcon_core.package_identification:_identify(.) by extension 'colcon_pkg'
[0.197s] Level 1:colcon.colcon_core.package_identification:_identify(.) by extensions ['colcon_meta']
[0.197s] Level 1:colcon.colcon_core.package_identification:_identify(.) by extension 'colcon_meta'
[0.197s] Level 1:colcon.colcon_core.package_identification:_identify(.) by extensions ['ros']
[0.197s] Level 1:colcon.colcon_core.package_identification:_identify(.) by extension 'ros'
[0.227s] Level 1:colcon.colcon_core.package_identification:_identify(.) by extensions ['cmake', 'python']
[0.227s] Level 1:colcon.colcon_core.package_identification:_identify(.) by extension 'cmake'
[0.227s] Level 1:colcon.colcon_core.package_identification:_identify(.) by extension 'python'
[0.227s] Level 1:colcon.colcon_core.package_identification:_identify(.) by extensions ['python_setup_py']
[0.227s] Level 1:colcon.colcon_core.package_identification:_identify(.) by extension 'python_setup_py'
[0.227s] Level 1:colcon.colcon_core.package_identification:_identify(build) by extensions ['ignore', 'ignore_ament_install']
[0.227s] Level 1:colcon.colcon_core.package_identification:_identify(build) by extension 'ignore'
[0.228s] Level 1:colcon.colcon_core.package_identification:_identify(build) ignored
[0.228s] Level 1:colcon.colcon_core.package_identification:_identify(install) by extensions ['ignore', 'ignore_ament_install']
[0.228s] Level 1:colcon.colcon_core.package_identification:_identify(install) by extension 'ignore'
[0.228s] Level 1:colcon.colcon_core.package_identification:_identify(install) ignored
[0.228s] Level 1:colcon.colcon_core.package_identification:_identify(log) by extensions ['ignore', 'ignore_ament_install']
[0.228s] Level 1:colcon.colcon_core.package_identification:_identify(log) by extension 'ignore'
[0.228s] Level 1:colcon.colcon_core.package_identification:_identify(log) ignored
[0.228s] Level 1:colcon.colcon_core.package_identification:_identify(src) by extensions ['ignore', 'ignore_ament_install']
[0.229s] Level 1:colcon.colcon_core.package_identification:_identify(src) by extension 'ignore'
[0.229s] Level 1:colcon.colcon_core.package_identification:_identify(src) by extension 'ignore_ament_install'
[0.229s] Level 1:colcon.colcon_core.package_identification:_identify(src) by extensions ['colcon_pkg']
[0.229s] Level 1:colcon.colcon_core.package_identification:_identify(src) by extension 'colcon_pkg'
[0.229s] Level 1:colcon.colcon_core.package_identification:_identify(src) by extensions ['colcon_meta']
[0.229s] Level 1:colcon.colcon_core.package_identification:_identify(src) by extension 'colcon_meta'
[0.229s] Level 1:colcon.colcon_core.package_identification:_identify(src) by extensions ['ros']
[0.229s] Level 1:colcon.colcon_core.package_identification:_identify(src) by extension 'ros'
[0.229s] Level 1:colcon.colcon_core.package_identification:_identify(src) by extensions ['cmake', 'python']
[0.229s] Level 1:colcon.colcon_core.package_identification:_identify(src) by extension 'cmake'
[0.229s] Level 1:colcon.colcon_core.package_identification:_identify(src) by extension 'python'
[0.229s] Level 1:colcon.colcon_core.package_identification:_identify(src) by extensions ['python_setup_py']
[0.229s] Level 1:colcon.colcon_core.package_identification:_identify(src) by extension 'python_setup_py'
[0.229s] Level 1:colcon.colcon_core.package_identification:_identify(src/broadcast_node) by extensions ['ignore', 'ignore_ament_install']
[0.230s] Level 1:colcon.colcon_core.package_identification:_identify(src/broadcast_node) by extension 'ignore'
[0.230s] Level 1:colcon.colcon_core.package_identification:_identify(src/broadcast_node) by extension 'ignore_ament_install'
[0.230s] Level 1:colcon.colcon_core.package_identification:_identify(src/broadcast_node) by extensions ['colcon_pkg']
[0.230s] Level 1:colcon.colcon_core.package_identification:_identify(src/broadcast_node) by extension 'colcon_pkg'
[0.230s] Level 1:colcon.colcon_core.package_identification:_identify(src/broadcast_node) by extensions ['colcon_meta']
[0.230s] Level 1:colcon.colcon_core.package_identification:_identify(src/broadcast_node) by extension 'colcon_meta'
[0.230s] Level 1:colcon.colcon_core.package_identification:_identify(src/broadcast_node) by extensions ['ros']
[0.230s] Level 1:colcon.colcon_core.package_identification:_identify(src/broadcast_node) by extension 'ros'
[0.233s] DEBUG:colcon.colcon_core.package_identification:Package 'src/broadcast_node' with type 'ros.ament_python' and name 'broadcast_node'
[0.233s] Level 1:colcon.colcon_core.package_identification:_identify(src/listener_node) by extensions ['ignore', 'ignore_ament_install']
[0.233s] Level 1:colcon.colcon_core.package_identification:_identify(src/listener_node) by extension 'ignore'
[0.233s] Level 1:colcon.colcon_core.package_identification:_identify(src/listener_node) by extension 'ignore_ament_install'
[0.233s] Level 1:colcon.colcon_core.package_identification:_identify(src/listener_node) by extensions ['colcon_pkg']
[0.233s] Level 1:colcon.colcon_core.package_identification:_identify(src/listener_node) by extension 'colcon_pkg'
[0.233s] Level 1:colcon.colcon_core.package_identification:_identify(src/listener_node) by extensions ['colcon_meta']
[0.233s] Level 1:colcon.colcon_core.package_identification:_identify(src/listener_node) by extension 'colcon_meta'
[0.233s] Level 1:colcon.colcon_core.package_identification:_identify(src/listener_node) by extensions ['ros']
[0.233s] Level 1:colcon.colcon_core.package_identification:_identify(src/listener_node) by extension 'ros'
[0.234s] DEBUG:colcon.colcon_core.package_identification:Package 'src/listener_node' with type 'ros.ament_python' and name 'listener_node'
[0.234s] Level 1:colcon.colcon_core.package_identification:_identify(src/msg_package) by extensions ['ignore', 'ignore_ament_install']
[0.234s] Level 1:colcon.colcon_core.package_identification:_identify(src/msg_package) by extension 'ignore'
[0.234s] Level 1:colcon.colcon_core.package_identification:_identify(src/msg_package) by extension 'ignore_ament_install'
[0.234s] Level 1:colcon.colcon_core.package_identification:_identify(src/msg_package) by extensions ['colcon_pkg']
[0.234s] Level 1:colcon.colcon_core.package_identification:_identify(src/msg_package) by extension 'colcon_pkg'
[0.234s] Level 1:colcon.colcon_core.package_identification:_identify(src/msg_package) by extensions ['colcon_meta']
[0.234s] Level 1:colcon.colcon_core.package_identification:_identify(src/msg_package) by extension 'colcon_meta'
[0.234s] Level 1:colcon.colcon_core.package_identification:_identify(src/msg_package) by extensions ['ros']
[0.234s] Level 1:colcon.colcon_core.package_identification:_identify(src/msg_package) by extension 'ros'
[0.235s] DEBUG:colcon.colcon_core.package_identification:Package 'src/msg_package' with type 'ros.ament_cmake' and name 'msg_package'
[0.235s] Level 1:colcon.colcon_core.package_identification:_identify(src/talker_node) by extensions ['ignore', 'ignore_ament_install']
[0.235s] Level 1:colcon.colcon_core.package_identification:_identify(src/talker_node) by extension 'ignore'
[0.235s] Level 1:colcon.colcon_core.package_identification:_identify(src/talker_node) by extension 'ignore_ament_install'
[0.235s] Level 1:colcon.colcon_core.package_identification:_identify(src/talker_node) by extensions ['colcon_pkg']
[0.235s] Level 1:colcon.colcon_core.package_identification:_identify(src/talker_node) by extension 'colcon_pkg'
[0.235s] Level 1:colcon.colcon_core.package_identification:_identify(src/talker_node) by extensions ['colcon_meta']
[0.235s] Level 1:colcon.colcon_core.package_identification:_identify(src/talker_node) by extension 'colcon_meta'
[0.235s] Level 1:colcon.colcon_core.package_identification:_identify(src/talker_node) by extensions ['ros']
[0.236s] Level 1:colcon.colcon_core.package_identification:_identify(src/talker_node) by extension 'ros'
[0.236s] DEBUG:colcon.colcon_core.package_identification:Package 'src/talker_node' with type 'ros.ament_cmake' and name 'talker_node'
[0.236s] Level 1:colcon.colcon_core.package_discovery:discover_packages(recursive) using defaults
[0.236s] Level 1:colcon.colcon_core.package_discovery:discover_packages(ignore) discover
[0.236s] Level 1:colcon.colcon_core.package_discovery:discover_packages(ignore) using defaults
[0.236s] Level 1:colcon.colcon_core.package_discovery:discover_packages(path) discover
[0.236s] Level 1:colcon.colcon_core.package_discovery:discover_packages(path) using defaults
[0.256s] Level 5:colcon.colcon_core.verb:set package 'listener_node' build argument 'cmake_args' from command line to 'None'
[0.256s] Level 5:colcon.colcon_core.verb:set package 'listener_node' build argument 'cmake_target' from command line to 'None'
[0.256s] Level 5:colcon.colcon_core.verb:set package 'listener_node' build argument 'cmake_target_skip_unavailable' from command line to 'False'
[0.257s] Level 5:colcon.colcon_core.verb:set package 'listener_node' build argument 'cmake_clean_cache' from command line to 'False'
[0.257s] Level 5:colcon.colcon_core.verb:set package 'listener_node' build argument 'cmake_clean_first' from command line to 'False'
[0.257s] Level 5:colcon.colcon_core.verb:set package 'listener_node' build argument 'cmake_force_configure' from command line to 'False'
[0.257s] Level 5:colcon.colcon_core.verb:set package 'listener_node' build argument 'ament_cmake_args' from command line to 'None'
[0.257s] Level 5:colcon.colcon_core.verb:set package 'listener_node' build argument 'catkin_cmake_args' from command line to 'None'
[0.257s] Level 5:colcon.colcon_core.verb:set package 'listener_node' build argument 'catkin_skip_building_tests' from command line to 'False'
[0.257s] DEBUG:colcon.colcon_core.verb:Building package 'listener_node' with the following arguments: {'ament_cmake_args': None, 'build_base': '/root/ros2course/ch2-3-make-the-nodes-talk/build/listener_node', 'catkin_cmake_args': None, 'catkin_skip_building_tests': False, 'cmake_args': None, 'cmake_clean_cache': False, 'cmake_clean_first': False, 'cmake_force_configure': False, 'cmake_target': None, 'cmake_target_skip_unavailable': False, 'install_base': '/root/ros2course/ch2-3-make-the-nodes-talk/install/listener_node', 'merge_install': False, 'path': '/root/ros2course/ch2-3-make-the-nodes-talk/src/listener_node', 'symlink_install': True, 'test_result_base': None}
[0.257s] Level 5:colcon.colcon_core.verb:set package 'msg_package' build argument 'cmake_args' from command line to 'None'
[0.257s] Level 5:colcon.colcon_core.verb:set package 'msg_package' build argument 'cmake_target' from command line to 'None'
[0.257s] Level 5:colcon.colcon_core.verb:set package 'msg_package' build argument 'cmake_target_skip_unavailable' from command line to 'False'
[0.257s] Level 5:colcon.colcon_core.verb:set package 'msg_package' build argument 'cmake_clean_cache' from command line to 'False'
[0.257s] Level 5:colcon.colcon_core.verb:set package 'msg_package' build argument 'cmake_clean_first' from command line to 'False'
[0.257s] Level 5:colcon.colcon_core.verb:set package 'msg_package' build argument 'cmake_force_configure' from command line to 'False'
[0.257s] Level 5:colcon.colcon_core.verb:set package 'msg_package' build argument 'ament_cmake_args' from command line to 'None'
[0.257s] Level 5:colcon.colcon_core.verb:set package 'msg_package' build argument 'catkin_cmake_args' from command line to 'None'
[0.257s] Level 5:colcon.colcon_core.verb:set package 'msg_package' build argument 'catkin_skip_building_tests' from command line to 'False'
[0.257s] DEBUG:colcon.colcon_core.verb:Building package 'msg_package' with the following arguments: {'ament_cmake_args': None, 'build_base': '/root/ros2course/ch2-3-make-the-nodes-talk/build/msg_package', 'catkin_cmake_args': None, 'catkin_skip_building_tests': False, 'cmake_args': None, 'cmake_clean_cache': False, 'cmake_clean_first': False, 'cmake_force_configure': False, 'cmake_target': None, 'cmake_target_skip_unavailable': False, 'install_base': '/root/ros2course/ch2-3-make-the-nodes-talk/install/msg_package', 'merge_install': False, 'path': '/root/ros2course/ch2-3-make-the-nodes-talk/src/msg_package', 'symlink_install': True, 'test_result_base': None}
[0.258s] Level 5:colcon.colcon_core.verb:set package 'broadcast_node' build argument 'cmake_args' from command line to 'None'
[0.258s] Level 5:colcon.colcon_core.verb:set package 'broadcast_node' build argument 'cmake_target' from command line to 'None'
[0.258s] Level 5:colcon.colcon_core.verb:set package 'broadcast_node' build argument 'cmake_target_skip_unavailable' from command line to 'False'
[0.258s] Level 5:colcon.colcon_core.verb:set package 'broadcast_node' build argument 'cmake_clean_cache' from command line to 'False'
[0.258s] Level 5:colcon.colcon_core.verb:set package 'broadcast_node' build argument 'cmake_clean_first' from command line to 'False'
[0.258s] Level 5:colcon.colcon_core.verb:set package 'broadcast_node' build argument 'cmake_force_configure' from command line to 'False'
[0.258s] Level 5:colcon.colcon_core.verb:set package 'broadcast_node' build argument 'ament_cmake_args' from command line to 'None'
[0.258s] Level 5:colcon.colcon_core.verb:set package 'broadcast_node' build argument 'catkin_cmake_args' from command line to 'None'
[0.258s] Level 5:colcon.colcon_core.verb:set package 'broadcast_node' build argument 'catkin_skip_building_tests' from command line to 'False'
[0.258s] DEBUG:colcon.colcon_core.verb:Building package 'broadcast_node' with the following arguments: {'ament_cmake_args': None, 'build_base': '/root/ros2course/ch2-3-make-the-nodes-talk/build/broadcast_node', 'catkin_cmake_args': None, 'catkin_skip_building_tests': False, 'cmake_args': None, 'cmake_clean_cache': False, 'cmake_clean_first': False, 'cmake_force_configure': False, 'cmake_target': None, 'cmake_target_skip_unavailable': False, 'install_base': '/root/ros2course/ch2-3-make-the-nodes-talk/install/broadcast_node', 'merge_install': False, 'path': '/root/ros2course/ch2-3-make-the-nodes-talk/src/broadcast_node', 'symlink_install': True, 'test_result_base': None}
[0.258s] Level 5:colcon.colcon_core.verb:set package 'talker_node' build argument 'cmake_args' from command line to 'None'
[0.258s] Level 5:colcon.colcon_core.verb:set package 'talker_node' build argument 'cmake_target' from command line to 'None'
[0.258s] Level 5:colcon.colcon_core.verb:set package 'talker_node' build argument 'cmake_target_skip_unavailable' from command line to 'False'
[0.258s] Level 5:colcon.colcon_core.verb:set package 'talker_node' build argument 'cmake_clean_cache' from command line to 'False'
[0.258s] Level 5:colcon.colcon_core.verb:set package 'talker_node' build argument 'cmake_clean_first' from command line to 'False'
[0.259s] Level 5:colcon.colcon_core.verb:set package 'talker_node' build argument 'cmake_force_configure' from command line to 'False'
[0.259s] Level 5:colcon.colcon_core.verb:set package 'talker_node' build argument 'ament_cmake_args' from command line to 'None'
[0.259s] Level 5:colcon.colcon_core.verb:set package 'talker_node' build argument 'catkin_cmake_args' from command line to 'None'
[0.259s] Level 5:colcon.colcon_core.verb:set package 'talker_node' build argument 'catkin_skip_building_tests' from command line to 'False'
[0.259s] DEBUG:colcon.colcon_core.verb:Building package 'talker_node' with the following arguments: {'ament_cmake_args': None, 'build_base': '/root/ros2course/ch2-3-make-the-nodes-talk/build/talker_node', 'catkin_cmake_args': None, 'catkin_skip_building_tests': False, 'cmake_args': None, 'cmake_clean_cache': False, 'cmake_clean_first': False, 'cmake_force_configure': False, 'cmake_target': None, 'cmake_target_skip_unavailable': False, 'install_base': '/root/ros2course/ch2-3-make-the-nodes-talk/install/talker_node', 'merge_install': False, 'path': '/root/ros2course/ch2-3-make-the-nodes-talk/src/talker_node', 'symlink_install': True, 'test_result_base': None}
[0.259s] INFO:colcon.colcon_core.executor:Executing jobs using 'parallel' executor
[0.260s] DEBUG:colcon.colcon_parallel_executor.executor.parallel:run_until_complete
[0.261s] INFO:colcon.colcon_ros.task.ament_cmake.build:Building ROS package in '/root/ros2course/ch2-3-make-the-nodes-talk/src/msg_package' with build type 'ament_cmake'
[0.261s] INFO:colcon.colcon_cmake.task.cmake.build:Building CMake package in '/root/ros2course/ch2-3-make-the-nodes-talk/src/msg_package'
[0.264s] INFO:colcon.colcon_core.plugin_system:Skipping extension 'colcon_core.shell.bat': Not used on non-Windows systems
[0.264s] INFO:colcon.colcon_core.shell:Skip shell extension 'powershell' for command environment: Not usable outside of PowerShell
[0.264s] DEBUG:colcon.colcon_core.shell:Skip shell extension 'dsv' for command environment
[0.272s] INFO:colcon.colcon_ros.task.ament_python.build:Building ROS package in '/root/ros2course/ch2-3-make-the-nodes-talk/src/listener_node' with build type 'ament_python'
[0.272s] Level 1:colcon.colcon_core.shell:create_environment_hook('listener_node', 'ament_prefix_path')
[0.273s] INFO:colcon.colcon_core.shell:Creating environment hook '/root/ros2course/ch2-3-make-the-nodes-talk/install/listener_node/share/listener_node/hook/ament_prefix_path.ps1'
[0.277s] INFO:colcon.colcon_core.shell:Creating environment descriptor '/root/ros2course/ch2-3-make-the-nodes-talk/install/listener_node/share/listener_node/hook/ament_prefix_path.dsv'
[0.278s] INFO:colcon.colcon_core.shell:Creating environment hook '/root/ros2course/ch2-3-make-the-nodes-talk/install/listener_node/share/listener_node/hook/ament_prefix_path.sh'
[0.280s] INFO:colcon.colcon_core.shell:Skip shell extension 'powershell' for command environment: Not usable outside of PowerShell
[0.280s] DEBUG:colcon.colcon_core.shell:Skip shell extension 'dsv' for command environment
[0.301s] DEBUG:colcon.colcon_core.event_handler.log_command:Invoking command in '/root/ros2course/ch2-3-make-the-nodes-talk/build/msg_package': CMAKE_PREFIX_PATH=${CMAKE_PREFIX_PATH}:/root/ros2course/ch2-1-creating-nodes/ros2-node-test-workspace/install/ros2-sample-package-python:/opt/ros/jazzy /usr/bin/cmake /root/ros2course/ch2-3-make-the-nodes-talk/src/msg_package -DAMENT_CMAKE_SYMLINK_INSTALL=1 -DCMAKE_INSTALL_PREFIX=/root/ros2course/ch2-3-make-the-nodes-talk/install/msg_package
[0.707s] INFO:colcon.colcon_core.task.python.build:Building Python package in '/root/ros2course/ch2-3-make-the-nodes-talk/src/listener_node'
[0.708s] INFO:colcon.colcon_core.shell:Skip shell extension 'powershell' for command environment: Not usable outside of PowerShell
[0.708s] DEBUG:colcon.colcon_core.shell:Skip shell extension 'dsv' for command environment
[1.780s] DEBUG:colcon.colcon_core.event_handler.log_command:Invoking command in '/root/ros2course/ch2-3-make-the-nodes-talk/build/listener_node': PYTHONPATH=/root/ros2course/ch2-3-make-the-nodes-talk/build/listener_node/prefix_override:/usr/lib/python3/dist-packages/colcon_core/task/python/colcon_distutils_commands:/root/ros2course/ch2-3-make-the-nodes-talk/install/listener_node/lib/python3.12/site-packages:${PYTHONPATH} /usr/bin/python3 -W ignore:setup.py install is deprecated -W ignore:easy_install command is deprecated setup.py develop --editable --build-directory /root/ros2course/ch2-3-make-the-nodes-talk/build/listener_node/build --no-deps symlink_data
[2.760s] Level 1:colcon.colcon_core.shell:create_environment_hook('listener_node', 'pythonpath_develop')
[2.761s] DEBUG:colcon.colcon_core.event_handler.log_command:Invoked command in '/root/ros2course/ch2-3-make-the-nodes-talk/build/listener_node' returned '0': PYTHONPATH=/root/ros2course/ch2-3-make-the-nodes-talk/build/listener_node/prefix_override:/usr/lib/python3/dist-packages/colcon_core/task/python/colcon_distutils_commands:/root/ros2course/ch2-3-make-the-nodes-talk/install/listener_node/lib/python3.12/site-packages:${PYTHONPATH} /usr/bin/python3 -W ignore:setup.py install is deprecated -W ignore:easy_install command is deprecated setup.py develop --editable --build-directory /root/ros2course/ch2-3-make-the-nodes-talk/build/listener_node/build --no-deps symlink_data
[2.761s] INFO:colcon.colcon_core.shell:Creating environment hook '/root/ros2course/ch2-3-make-the-nodes-talk/build/listener_node/share/listener_node/hook/pythonpath_develop.ps1'
[2.763s] INFO:colcon.colcon_core.shell:Creating environment descriptor '/root/ros2course/ch2-3-make-the-nodes-talk/build/listener_node/share/listener_node/hook/pythonpath_develop.dsv'
[2.764s] INFO:colcon.colcon_core.shell:Creating environment hook '/root/ros2course/ch2-3-make-the-nodes-talk/build/listener_node/share/listener_node/hook/pythonpath_develop.sh'
[2.768s] Level 1:colcon.colcon_core.environment:checking '/root/ros2course/ch2-3-make-the-nodes-talk/install/listener_node' for CMake module files
[2.768s] Level 1:colcon.colcon_core.environment:checking '/root/ros2course/ch2-3-make-the-nodes-talk/install/listener_node' for CMake config files
[2.769s] Level 1:colcon.colcon_core.environment:checking '/root/ros2course/ch2-3-make-the-nodes-talk/install/listener_node/lib'
[2.770s] Level 1:colcon.colcon_core.environment:checking '/root/ros2course/ch2-3-make-the-nodes-talk/install/listener_node/bin'
[2.770s] Level 1:colcon.colcon_core.environment:checking '/root/ros2course/ch2-3-make-the-nodes-talk/install/listener_node/lib/pkgconfig/listener_node.pc'
[2.770s] Level 1:colcon.colcon_core.environment:checking '/root/ros2course/ch2-3-make-the-nodes-talk/install/listener_node/lib/python3.12/site-packages'
[2.770s] Level 1:colcon.colcon_core.shell:create_environment_hook('listener_node', 'pythonpath')
[2.771s] INFO:colcon.colcon_core.shell:Creating environment hook '/root/ros2course/ch2-3-make-the-nodes-talk/install/listener_node/share/listener_node/hook/pythonpath.ps1'
[2.771s] INFO:colcon.colcon_core.shell:Creating environment descriptor '/root/ros2course/ch2-3-make-the-nodes-talk/install/listener_node/share/listener_node/hook/pythonpath.dsv'
[2.772s] INFO:colcon.colcon_core.shell:Creating environment hook '/root/ros2course/ch2-3-make-the-nodes-talk/install/listener_node/share/listener_node/hook/pythonpath.sh'
[2.773s] Level 1:colcon.colcon_core.environment:checking '/root/ros2course/ch2-3-make-the-nodes-talk/install/listener_node/bin'
[2.773s] Level 1:colcon.colcon_core.environment:create_environment_scripts_only(listener_node)
[2.773s] INFO:colcon.colcon_core.shell:Creating package script '/root/ros2course/ch2-3-make-the-nodes-talk/install/listener_node/share/listener_node/package.ps1'
[2.774s] INFO:colcon.colcon_core.shell:Creating package descriptor '/root/ros2course/ch2-3-make-the-nodes-talk/install/listener_node/share/listener_node/package.dsv'
[2.775s] INFO:colcon.colcon_core.shell:Creating package script '/root/ros2course/ch2-3-make-the-nodes-talk/install/listener_node/share/listener_node/package.sh'
[2.776s] INFO:colcon.colcon_core.shell:Creating package script '/root/ros2course/ch2-3-make-the-nodes-talk/install/listener_node/share/listener_node/package.bash'
[2.778s] INFO:colcon.colcon_core.shell:Creating package script '/root/ros2course/ch2-3-make-the-nodes-talk/install/listener_node/share/listener_node/package.zsh'
[2.779s] Level 1:colcon.colcon_core.environment:create_file_with_runtime_dependencies(/root/ros2course/ch2-3-make-the-nodes-talk/install/listener_node/share/colcon-core/packages/listener_node)
[5.749s] DEBUG:colcon.colcon_core.event_handler.log_command:Invoked command in '/root/ros2course/ch2-3-make-the-nodes-talk/build/msg_package' returned '0': CMAKE_PREFIX_PATH=${CMAKE_PREFIX_PATH}:/root/ros2course/ch2-1-creating-nodes/ros2-node-test-workspace/install/ros2-sample-package-python:/opt/ros/jazzy /usr/bin/cmake /root/ros2course/ch2-3-make-the-nodes-talk/src/msg_package -DAMENT_CMAKE_SYMLINK_INSTALL=1 -DCMAKE_INSTALL_PREFIX=/root/ros2course/ch2-3-make-the-nodes-talk/install/msg_package
[5.752s] DEBUG:colcon.colcon_core.event_handler.log_command:Invoking command in '/root/ros2course/ch2-3-make-the-nodes-talk/build/msg_package': CMAKE_PREFIX_PATH=${CMAKE_PREFIX_PATH}:/root/ros2course/ch2-1-creating-nodes/ros2-node-test-workspace/install/ros2-sample-package-python:/opt/ros/jazzy /usr/bin/cmake --build /root/ros2course/ch2-3-make-the-nodes-talk/build/msg_package -- -j8 -l8
[10.735s] DEBUG:colcon.colcon_core.event_handler.log_command:Invoked command in '/root/ros2course/ch2-3-make-the-nodes-talk/build/msg_package' returned '0': CMAKE_PREFIX_PATH=${CMAKE_PREFIX_PATH}:/root/ros2course/ch2-1-creating-nodes/ros2-node-test-workspace/install/ros2-sample-package-python:/opt/ros/jazzy /usr/bin/cmake --build /root/ros2course/ch2-3-make-the-nodes-talk/build/msg_package -- -j8 -l8
[10.755s] DEBUG:colcon.colcon_core.event_handler.log_command:Invoking command in '/root/ros2course/ch2-3-make-the-nodes-talk/build/msg_package': CMAKE_PREFIX_PATH=${CMAKE_PREFIX_PATH}:/root/ros2course/ch2-1-creating-nodes/ros2-node-test-workspace/install/ros2-sample-package-python:/opt/ros/jazzy /usr/bin/cmake --install /root/ros2course/ch2-3-make-the-nodes-talk/build/msg_package
[12.278s] Level 1:colcon.colcon_core.environment:create_environment_scripts_only(msg_package)
[12.279s] DEBUG:colcon.colcon_core.event_handler.log_command:Invoked command in '/root/ros2course/ch2-3-make-the-nodes-talk/build/msg_package' returned '0': CMAKE_PREFIX_PATH=${CMAKE_PREFIX_PATH}:/root/ros2course/ch2-1-creating-nodes/ros2-node-test-workspace/install/ros2-sample-package-python:/opt/ros/jazzy /usr/bin/cmake --install /root/ros2course/ch2-3-make-the-nodes-talk/build/msg_package
[12.279s] Level 1:colcon.colcon_core.environment:checking '/root/ros2course/ch2-3-make-the-nodes-talk/install/msg_package' for CMake module files
[12.280s] Level 1:colcon.colcon_core.environment:checking '/root/ros2course/ch2-3-make-the-nodes-talk/install/msg_package' for CMake config files
[12.282s] Level 1:colcon.colcon_core.shell:create_environment_hook('msg_package', 'cmake_prefix_path')
[12.282s] INFO:colcon.colcon_core.shell:Creating environment hook '/root/ros2course/ch2-3-make-the-nodes-talk/install/msg_package/share/msg_package/hook/cmake_prefix_path.ps1'
[12.283s] INFO:colcon.colcon_core.shell:Creating environment descriptor '/root/ros2course/ch2-3-make-the-nodes-talk/install/msg_package/share/msg_package/hook/cmake_prefix_path.dsv'
[12.283s] INFO:colcon.colcon_core.shell:Creating environment hook '/root/ros2course/ch2-3-make-the-nodes-talk/install/msg_package/share/msg_package/hook/cmake_prefix_path.sh'
[12.284s] Level 1:colcon.colcon_core.environment:checking '/root/ros2course/ch2-3-make-the-nodes-talk/install/msg_package/lib'
[12.284s] Level 1:colcon.colcon_core.shell:create_environment_hook('msg_package', 'ld_library_path_lib')
[12.284s] INFO:colcon.colcon_core.shell:Creating environment hook '/root/ros2course/ch2-3-make-the-nodes-talk/install/msg_package/share/msg_package/hook/ld_library_path_lib.ps1'
[12.285s] INFO:colcon.colcon_core.shell:Creating environment descriptor '/root/ros2course/ch2-3-make-the-nodes-talk/install/msg_package/share/msg_package/hook/ld_library_path_lib.dsv'
[12.285s] INFO:colcon.colcon_core.shell:Creating environment hook '/root/ros2course/ch2-3-make-the-nodes-talk/install/msg_package/share/msg_package/hook/ld_library_path_lib.sh'
[12.286s] Level 1:colcon.colcon_core.environment:checking '/root/ros2course/ch2-3-make-the-nodes-talk/install/msg_package/bin'
[12.286s] Level 1:colcon.colcon_core.environment:checking '/root/ros2course/ch2-3-make-the-nodes-talk/install/msg_package/lib/pkgconfig/msg_package.pc'
[12.286s] Level 1:colcon.colcon_core.environment:checking '/root/ros2course/ch2-3-make-the-nodes-talk/install/msg_package/lib/python3.12/site-packages'
[12.286s] Level 1:colcon.colcon_core.shell:create_environment_hook('msg_package', 'pythonpath')
[12.286s] INFO:colcon.colcon_core.shell:Creating environment hook '/root/ros2course/ch2-3-make-the-nodes-talk/install/msg_package/share/msg_package/hook/pythonpath.ps1'
[12.287s] INFO:colcon.colcon_core.shell:Creating environment descriptor '/root/ros2course/ch2-3-make-the-nodes-talk/install/msg_package/share/msg_package/hook/pythonpath.dsv'
[12.288s] INFO:colcon.colcon_core.shell:Creating environment hook '/root/ros2course/ch2-3-make-the-nodes-talk/install/msg_package/share/msg_package/hook/pythonpath.sh'
[12.288s] Level 1:colcon.colcon_core.environment:checking '/root/ros2course/ch2-3-make-the-nodes-talk/install/msg_package/bin'
[12.289s] INFO:colcon.colcon_core.shell:Creating package script '/root/ros2course/ch2-3-make-the-nodes-talk/install/msg_package/share/msg_package/package.ps1'
[12.289s] INFO:colcon.colcon_core.shell:Creating package descriptor '/root/ros2course/ch2-3-make-the-nodes-talk/install/msg_package/share/msg_package/package.dsv'
[12.290s] INFO:colcon.colcon_core.shell:Creating package script '/root/ros2course/ch2-3-make-the-nodes-talk/install/msg_package/share/msg_package/package.sh'
[12.290s] INFO:colcon.colcon_core.shell:Creating package script '/root/ros2course/ch2-3-make-the-nodes-talk/install/msg_package/share/msg_package/package.bash'
[12.291s] INFO:colcon.colcon_core.shell:Creating package script '/root/ros2course/ch2-3-make-the-nodes-talk/install/msg_package/share/msg_package/package.zsh'
[12.291s] Level 1:colcon.colcon_core.environment:create_file_with_runtime_dependencies(/root/ros2course/ch2-3-make-the-nodes-talk/install/msg_package/share/colcon-core/packages/msg_package)
[12.293s] Level 1:colcon.colcon_core.environment:create_environment_scripts_only(msg_package)
[12.293s] Level 1:colcon.colcon_core.environment:checking '/root/ros2course/ch2-3-make-the-nodes-talk/install/msg_package' for CMake module files
[12.294s] Level 1:colcon.colcon_core.environment:checking '/root/ros2course/ch2-3-make-the-nodes-talk/install/msg_package' for CMake config files
[12.296s] Level 1:colcon.colcon_core.shell:create_environment_hook('msg_package', 'cmake_prefix_path')
[12.296s] INFO:colcon.colcon_core.shell:Creating environment hook '/root/ros2course/ch2-3-make-the-nodes-talk/install/msg_package/share/msg_package/hook/cmake_prefix_path.ps1'
[12.297s] INFO:colcon.colcon_core.shell:Creating environment descriptor '/root/ros2course/ch2-3-make-the-nodes-talk/install/msg_package/share/msg_package/hook/cmake_prefix_path.dsv'
[12.297s] INFO:colcon.colcon_core.shell:Creating environment hook '/root/ros2course/ch2-3-make-the-nodes-talk/install/msg_package/share/msg_package/hook/cmake_prefix_path.sh'
[12.298s] Level 1:colcon.colcon_core.environment:checking '/root/ros2course/ch2-3-make-the-nodes-talk/install/msg_package/lib'
[12.298s] Level 1:colcon.colcon_core.shell:create_environment_hook('msg_package', 'ld_library_path_lib')
[12.299s] INFO:colcon.colcon_core.shell:Creating environment hook '/root/ros2course/ch2-3-make-the-nodes-talk/install/msg_package/share/msg_package/hook/ld_library_path_lib.ps1'
[12.299s] INFO:colcon.colcon_core.shell:Creating environment descriptor '/root/ros2course/ch2-3-make-the-nodes-talk/install/msg_package/share/msg_package/hook/ld_library_path_lib.dsv'
[12.300s] INFO:colcon.colcon_core.shell:Creating environment hook '/root/ros2course/ch2-3-make-the-nodes-talk/install/msg_package/share/msg_package/hook/ld_library_path_lib.sh'
[12.300s] Level 1:colcon.colcon_core.environment:checking '/root/ros2course/ch2-3-make-the-nodes-talk/install/msg_package/bin'
[12.300s] Level 1:colcon.colcon_core.environment:checking '/root/ros2course/ch2-3-make-the-nodes-talk/install/msg_package/lib/pkgconfig/msg_package.pc'
[12.301s] Level 1:colcon.colcon_core.environment:checking '/root/ros2course/ch2-3-make-the-nodes-talk/install/msg_package/lib/python3.12/site-packages'
[12.301s] Level 1:colcon.colcon_core.shell:create_environment_hook('msg_package', 'pythonpath')
[12.301s] INFO:colcon.colcon_core.shell:Creating environment hook '/root/ros2course/ch2-3-make-the-nodes-talk/install/msg_package/share/msg_package/hook/pythonpath.ps1'
[12.301s] INFO:colcon.colcon_core.shell:Creating environment descriptor '/root/ros2course/ch2-3-make-the-nodes-talk/install/msg_package/share/msg_package/hook/pythonpath.dsv'
[12.302s] INFO:colcon.colcon_core.shell:Creating environment hook '/root/ros2course/ch2-3-make-the-nodes-talk/install/msg_package/share/msg_package/hook/pythonpath.sh'
[12.302s] Level 1:colcon.colcon_core.environment:checking '/root/ros2course/ch2-3-make-the-nodes-talk/install/msg_package/bin'
[12.303s] INFO:colcon.colcon_core.shell:Creating package script '/root/ros2course/ch2-3-make-the-nodes-talk/install/msg_package/share/msg_package/package.ps1'
[12.303s] INFO:colcon.colcon_core.shell:Creating package descriptor '/root/ros2course/ch2-3-make-the-nodes-talk/install/msg_package/share/msg_package/package.dsv'
[12.304s] INFO:colcon.colcon_core.shell:Creating package script '/root/ros2course/ch2-3-make-the-nodes-talk/install/msg_package/share/msg_package/package.sh'
[12.305s] INFO:colcon.colcon_core.shell:Creating package script '/root/ros2course/ch2-3-make-the-nodes-talk/install/msg_package/share/msg_package/package.bash'
[12.305s] INFO:colcon.colcon_core.shell:Creating package script '/root/ros2course/ch2-3-make-the-nodes-talk/install/msg_package/share/msg_package/package.zsh'
[12.305s] Level 1:colcon.colcon_core.environment:create_file_with_runtime_dependencies(/root/ros2course/ch2-3-make-the-nodes-talk/install/msg_package/share/colcon-core/packages/msg_package)
[12.306s] INFO:colcon.colcon_ros.task.ament_python.build:Building ROS package in '/root/ros2course/ch2-3-make-the-nodes-talk/src/broadcast_node' with build type 'ament_python'
[12.306s] Level 1:colcon.colcon_core.shell:create_environment_hook('broadcast_node', 'ament_prefix_path')
[12.306s] INFO:colcon.colcon_core.shell:Creating environment hook '/root/ros2course/ch2-3-make-the-nodes-talk/install/broadcast_node/share/broadcast_node/hook/ament_prefix_path.ps1'
[12.310s] INFO:colcon.colcon_core.shell:Creating environment descriptor '/root/ros2course/ch2-3-make-the-nodes-talk/install/broadcast_node/share/broadcast_node/hook/ament_prefix_path.dsv'
[12.311s] INFO:colcon.colcon_core.shell:Creating environment hook '/root/ros2course/ch2-3-make-the-nodes-talk/install/broadcast_node/share/broadcast_node/hook/ament_prefix_path.sh'
[12.311s] INFO:colcon.colcon_core.shell:Skip shell extension 'powershell' for command environment: Not usable outside of PowerShell
[12.311s] DEBUG:colcon.colcon_core.shell:Skip shell extension 'dsv' for command environment
[12.318s] INFO:colcon.colcon_ros.task.ament_cmake.build:Building ROS package in '/root/ros2course/ch2-3-make-the-nodes-talk/src/talker_node' with build type 'ament_cmake'
[12.318s] INFO:colcon.colcon_cmake.task.cmake.build:Building CMake package in '/root/ros2course/ch2-3-make-the-nodes-talk/src/talker_node'
[12.319s] INFO:colcon.colcon_core.shell:Skip shell extension 'powershell' for command environment: Not usable outside of PowerShell
[12.319s] DEBUG:colcon.colcon_core.shell:Skip shell extension 'dsv' for command environment
[12.703s] INFO:colcon.colcon_core.task.python.build:Building Python package in '/root/ros2course/ch2-3-make-the-nodes-talk/src/broadcast_node'
[12.703s] INFO:colcon.colcon_core.shell:Skip shell extension 'powershell' for command environment: Not usable outside of PowerShell
[12.703s] DEBUG:colcon.colcon_core.shell:Skip shell extension 'dsv' for command environment
[12.715s] DEBUG:colcon.colcon_core.event_handler.log_command:Invoking command in '/root/ros2course/ch2-3-make-the-nodes-talk/build/talker_node': AMENT_PREFIX_PATH=/root/ros2course/ch2-3-make-the-nodes-talk/install/msg_package:${AMENT_PREFIX_PATH} CMAKE_PREFIX_PATH=/root/ros2course/ch2-3-make-the-nodes-talk/install/msg_package:/root/ros2course/ch2-1-creating-nodes/ros2-node-test-workspace/install/ros2-sample-package-cmake:/opt/ros/jazzy/opt/gz_math_vendor:/opt/ros/jazzy/opt/gz_utils_vendor:/opt/ros/jazzy/opt/gz_cmake_vendor:/root/ros2course/ch2-1-creating-nodes/ros2-node-test-workspace/install/ros2-sample-package-python:/opt/ros/jazzy LD_LIBRARY_PATH=/root/ros2course/ch2-3-make-the-nodes-talk/install/msg_package/lib:${LD_LIBRARY_PATH} PYTHONPATH=/root/ros2course/ch2-3-make-the-nodes-talk/install/msg_package/lib/python3.12/site-packages:${PYTHONPATH} /usr/bin/cmake /root/ros2course/ch2-3-make-the-nodes-talk/src/talker_node -DAMENT_CMAKE_SYMLINK_INSTALL=1 -DCMAKE_INSTALL_PREFIX=/root/ros2course/ch2-3-make-the-nodes-talk/install/talker_node
[13.918s] DEBUG:colcon.colcon_core.event_handler.log_command:Invoking command in '/root/ros2course/ch2-3-make-the-nodes-talk/build/broadcast_node': AMENT_PREFIX_PATH=/root/ros2course/ch2-3-make-the-nodes-talk/install/msg_package:${AMENT_PREFIX_PATH} CMAKE_PREFIX_PATH=/root/ros2course/ch2-3-make-the-nodes-talk/install/msg_package:${CMAKE_PREFIX_PATH} LD_LIBRARY_PATH=/root/ros2course/ch2-3-make-the-nodes-talk/install/msg_package/lib:${LD_LIBRARY_PATH} PYTHONPATH=/root/ros2course/ch2-3-make-the-nodes-talk/build/broadcast_node/prefix_override:/usr/lib/python3/dist-packages/colcon_core/task/python/colcon_distutils_commands:/root/ros2course/ch2-3-make-the-nodes-talk/install/broadcast_node/lib/python3.12/site-packages:/root/ros2course/ch2-3-make-the-nodes-talk/install/msg_package/lib/python3.12/site-packages:${PYTHONPATH} /usr/bin/python3 -W ignore:setup.py install is deprecated -W ignore:easy_install command is deprecated setup.py develop --editable --build-directory /root/ros2course/ch2-3-make-the-nodes-talk/build/broadcast_node/build --no-deps symlink_data
[14.932s] Level 1:colcon.colcon_core.shell:create_environment_hook('broadcast_node', 'pythonpath_develop')
[14.933s] DEBUG:colcon.colcon_core.event_handler.log_command:Invoked command in '/root/ros2course/ch2-3-make-the-nodes-talk/build/broadcast_node' returned '0': AMENT_PREFIX_PATH=/root/ros2course/ch2-3-make-the-nodes-talk/install/msg_package:${AMENT_PREFIX_PATH} CMAKE_PREFIX_PATH=/root/ros2course/ch2-3-make-the-nodes-talk/install/msg_package:${CMAKE_PREFIX_PATH} LD_LIBRARY_PATH=/root/ros2course/ch2-3-make-the-nodes-talk/install/msg_package/lib:${LD_LIBRARY_PATH} PYTHONPATH=/root/ros2course/ch2-3-make-the-nodes-talk/build/broadcast_node/prefix_override:/usr/lib/python3/dist-packages/colcon_core/task/python/colcon_distutils_commands:/root/ros2course/ch2-3-make-the-nodes-talk/install/broadcast_node/lib/python3.12/site-packages:/root/ros2course/ch2-3-make-the-nodes-talk/install/msg_package/lib/python3.12/site-packages:${PYTHONPATH} /usr/bin/python3 -W ignore:setup.py install is deprecated -W ignore:easy_install command is deprecated setup.py develop --editable --build-directory /root/ros2course/ch2-3-make-the-nodes-talk/build/broadcast_node/build --no-deps symlink_data
[14.933s] INFO:colcon.colcon_core.shell:Creating environment hook '/root/ros2course/ch2-3-make-the-nodes-talk/build/broadcast_node/share/broadcast_node/hook/pythonpath_develop.ps1'
[14.935s] INFO:colcon.colcon_core.shell:Creating environment descriptor '/root/ros2course/ch2-3-make-the-nodes-talk/build/broadcast_node/share/broadcast_node/hook/pythonpath_develop.dsv'
[14.936s] INFO:colcon.colcon_core.shell:Creating environment hook '/root/ros2course/ch2-3-make-the-nodes-talk/build/broadcast_node/share/broadcast_node/hook/pythonpath_develop.sh'
[14.936s] Level 1:colcon.colcon_core.environment:checking '/root/ros2course/ch2-3-make-the-nodes-talk/install/broadcast_node' for CMake module files
[14.938s] Level 1:colcon.colcon_core.environment:checking '/root/ros2course/ch2-3-make-the-nodes-talk/install/broadcast_node' for CMake config files
[14.938s] Level 1:colcon.colcon_core.environment:checking '/root/ros2course/ch2-3-make-the-nodes-talk/install/broadcast_node/lib'
[14.938s] Level 1:colcon.colcon_core.environment:checking '/root/ros2course/ch2-3-make-the-nodes-talk/install/broadcast_node/bin'
[14.939s] Level 1:colcon.colcon_core.environment:checking '/root/ros2course/ch2-3-make-the-nodes-talk/install/broadcast_node/lib/pkgconfig/broadcast_node.pc'
[14.939s] Level 1:colcon.colcon_core.environment:checking '/root/ros2course/ch2-3-make-the-nodes-talk/install/broadcast_node/lib/python3.12/site-packages'
[14.939s] Level 1:colcon.colcon_core.shell:create_environment_hook('broadcast_node', 'pythonpath')
[14.939s] INFO:colcon.colcon_core.shell:Creating environment hook '/root/ros2course/ch2-3-make-the-nodes-talk/install/broadcast_node/share/broadcast_node/hook/pythonpath.ps1'
[14.940s] INFO:colcon.colcon_core.shell:Creating environment descriptor '/root/ros2course/ch2-3-make-the-nodes-talk/install/broadcast_node/share/broadcast_node/hook/pythonpath.dsv'
[14.941s] INFO:colcon.colcon_core.shell:Creating environment hook '/root/ros2course/ch2-3-make-the-nodes-talk/install/broadcast_node/share/broadcast_node/hook/pythonpath.sh'
[14.942s] Level 1:colcon.colcon_core.environment:checking '/root/ros2course/ch2-3-make-the-nodes-talk/install/broadcast_node/bin'
[14.942s] Level 1:colcon.colcon_core.environment:create_environment_scripts_only(broadcast_node)
[14.942s] INFO:colcon.colcon_core.shell:Creating package script '/root/ros2course/ch2-3-make-the-nodes-talk/install/broadcast_node/share/broadcast_node/package.ps1'
[14.943s] INFO:colcon.colcon_core.shell:Creating package descriptor '/root/ros2course/ch2-3-make-the-nodes-talk/install/broadcast_node/share/broadcast_node/package.dsv'
[14.944s] INFO:colcon.colcon_core.shell:Creating package script '/root/ros2course/ch2-3-make-the-nodes-talk/install/broadcast_node/share/broadcast_node/package.sh'
[14.945s] INFO:colcon.colcon_core.shell:Creating package script '/root/ros2course/ch2-3-make-the-nodes-talk/install/broadcast_node/share/broadcast_node/package.bash'
[14.946s] INFO:colcon.colcon_core.shell:Creating package script '/root/ros2course/ch2-3-make-the-nodes-talk/install/broadcast_node/share/broadcast_node/package.zsh'
[14.947s] Level 1:colcon.colcon_core.environment:create_file_with_runtime_dependencies(/root/ros2course/ch2-3-make-the-nodes-talk/install/broadcast_node/share/colcon-core/packages/broadcast_node)
[14.957s] DEBUG:colcon.colcon_core.event_handler.log_command:Invoked command in '/root/ros2course/ch2-3-make-the-nodes-talk/build/talker_node' returned '0': AMENT_PREFIX_PATH=/root/ros2course/ch2-3-make-the-nodes-talk/install/msg_package:${AMENT_PREFIX_PATH} CMAKE_PREFIX_PATH=/root/ros2course/ch2-3-make-the-nodes-talk/install/msg_package:/root/ros2course/ch2-1-creating-nodes/ros2-node-test-workspace/install/ros2-sample-package-cmake:/opt/ros/jazzy/opt/gz_math_vendor:/opt/ros/jazzy/opt/gz_utils_vendor:/opt/ros/jazzy/opt/gz_cmake_vendor:/root/ros2course/ch2-1-creating-nodes/ros2-node-test-workspace/install/ros2-sample-package-python:/opt/ros/jazzy LD_LIBRARY_PATH=/root/ros2course/ch2-3-make-the-nodes-talk/install/msg_package/lib:${LD_LIBRARY_PATH} PYTHONPATH=/root/ros2course/ch2-3-make-the-nodes-talk/install/msg_package/lib/python3.12/site-packages:${PYTHONPATH} /usr/bin/cmake /root/ros2course/ch2-3-make-the-nodes-talk/src/talker_node -DAMENT_CMAKE_SYMLINK_INSTALL=1 -DCMAKE_INSTALL_PREFIX=/root/ros2course/ch2-3-make-the-nodes-talk/install/talker_node
[14.960s] DEBUG:colcon.colcon_core.event_handler.log_command:Invoking command in '/root/ros2course/ch2-3-make-the-nodes-talk/build/talker_node': AMENT_PREFIX_PATH=/root/ros2course/ch2-3-make-the-nodes-talk/install/msg_package:${AMENT_PREFIX_PATH} CMAKE_PREFIX_PATH=/root/ros2course/ch2-3-make-the-nodes-talk/install/msg_package:/root/ros2course/ch2-1-creating-nodes/ros2-node-test-workspace/install/ros2-sample-package-cmake:/opt/ros/jazzy/opt/gz_math_vendor:/opt/ros/jazzy/opt/gz_utils_vendor:/opt/ros/jazzy/opt/gz_cmake_vendor:/root/ros2course/ch2-1-creating-nodes/ros2-node-test-workspace/install/ros2-sample-package-python:/opt/ros/jazzy LD_LIBRARY_PATH=/root/ros2course/ch2-3-make-the-nodes-talk/install/msg_package/lib:${LD_LIBRARY_PATH} PYTHONPATH=/root/ros2course/ch2-3-make-the-nodes-talk/install/msg_package/lib/python3.12/site-packages:${PYTHONPATH} /usr/bin/cmake --build /root/ros2course/ch2-3-make-the-nodes-talk/build/talker_node -- -j8 -l8
[20.523s] DEBUG:colcon.colcon_core.event_handler.log_command:Invoked command in '/root/ros2course/ch2-3-make-the-nodes-talk/build/talker_node' returned '0': AMENT_PREFIX_PATH=/root/ros2course/ch2-3-make-the-nodes-talk/install/msg_package:${AMENT_PREFIX_PATH} CMAKE_PREFIX_PATH=/root/ros2course/ch2-3-make-the-nodes-talk/install/msg_package:/root/ros2course/ch2-1-creating-nodes/ros2-node-test-workspace/install/ros2-sample-package-cmake:/opt/ros/jazzy/opt/gz_math_vendor:/opt/ros/jazzy/opt/gz_utils_vendor:/opt/ros/jazzy/opt/gz_cmake_vendor:/root/ros2course/ch2-1-creating-nodes/ros2-node-test-workspace/install/ros2-sample-package-python:/opt/ros/jazzy LD_LIBRARY_PATH=/root/ros2course/ch2-3-make-the-nodes-talk/install/msg_package/lib:${LD_LIBRARY_PATH} PYTHONPATH=/root/ros2course/ch2-3-make-the-nodes-talk/install/msg_package/lib/python3.12/site-packages:${PYTHONPATH} /usr/bin/cmake --build /root/ros2course/ch2-3-make-the-nodes-talk/build/talker_node -- -j8 -l8
[20.526s] DEBUG:colcon.colcon_core.event_handler.log_command:Invoking command in '/root/ros2course/ch2-3-make-the-nodes-talk/build/talker_node': AMENT_PREFIX_PATH=/root/ros2course/ch2-3-make-the-nodes-talk/install/msg_package:${AMENT_PREFIX_PATH} CMAKE_PREFIX_PATH=/root/ros2course/ch2-3-make-the-nodes-talk/install/msg_package:/root/ros2course/ch2-1-creating-nodes/ros2-node-test-workspace/install/ros2-sample-package-cmake:/opt/ros/jazzy/opt/gz_math_vendor:/opt/ros/jazzy/opt/gz_utils_vendor:/opt/ros/jazzy/opt/gz_cmake_vendor:/root/ros2course/ch2-1-creating-nodes/ros2-node-test-workspace/install/ros2-sample-package-python:/opt/ros/jazzy LD_LIBRARY_PATH=/root/ros2course/ch2-3-make-the-nodes-talk/install/msg_package/lib:${LD_LIBRARY_PATH} PYTHONPATH=/root/ros2course/ch2-3-make-the-nodes-talk/install/msg_package/lib/python3.12/site-packages:${PYTHONPATH} /usr/bin/cmake --install /root/ros2course/ch2-3-make-the-nodes-talk/build/talker_node
[20.828s] Level 1:colcon.colcon_core.environment:create_environment_scripts_only(talker_node)
[20.829s] Level 1:colcon.colcon_core.environment:checking '/root/ros2course/ch2-3-make-the-nodes-talk/install/talker_node' for CMake module files
[20.830s] DEBUG:colcon.colcon_core.event_handler.log_command:Invoked command in '/root/ros2course/ch2-3-make-the-nodes-talk/build/talker_node' returned '0': AMENT_PREFIX_PATH=/root/ros2course/ch2-3-make-the-nodes-talk/install/msg_package:${AMENT_PREFIX_PATH} CMAKE_PREFIX_PATH=/root/ros2course/ch2-3-make-the-nodes-talk/install/msg_package:/root/ros2course/ch2-1-creating-nodes/ros2-node-test-workspace/install/ros2-sample-package-cmake:/opt/ros/jazzy/opt/gz_math_vendor:/opt/ros/jazzy/opt/gz_utils_vendor:/opt/ros/jazzy/opt/gz_cmake_vendor:/root/ros2course/ch2-1-creating-nodes/ros2-node-test-workspace/install/ros2-sample-package-python:/opt/ros/jazzy LD_LIBRARY_PATH=/root/ros2course/ch2-3-make-the-nodes-talk/install/msg_package/lib:${LD_LIBRARY_PATH} PYTHONPATH=/root/ros2course/ch2-3-make-the-nodes-talk/install/msg_package/lib/python3.12/site-packages:${PYTHONPATH} /usr/bin/cmake --install /root/ros2course/ch2-3-make-the-nodes-talk/build/talker_node
[20.831s] Level 1:colcon.colcon_core.environment:checking '/root/ros2course/ch2-3-make-the-nodes-talk/install/talker_node' for CMake config files
[20.832s] Level 1:colcon.colcon_core.shell:create_environment_hook('talker_node', 'cmake_prefix_path')
[20.833s] INFO:colcon.colcon_core.shell:Creating environment hook '/root/ros2course/ch2-3-make-the-nodes-talk/install/talker_node/share/talker_node/hook/cmake_prefix_path.ps1'
[20.835s] INFO:colcon.colcon_core.shell:Creating environment descriptor '/root/ros2course/ch2-3-make-the-nodes-talk/install/talker_node/share/talker_node/hook/cmake_prefix_path.dsv'
[20.836s] INFO:colcon.colcon_core.shell:Creating environment hook '/root/ros2course/ch2-3-make-the-nodes-talk/install/talker_node/share/talker_node/hook/cmake_prefix_path.sh'
[20.837s] Level 1:colcon.colcon_core.environment:checking '/root/ros2course/ch2-3-make-the-nodes-talk/install/talker_node/lib'
[20.837s] Level 1:colcon.colcon_core.environment:checking '/root/ros2course/ch2-3-make-the-nodes-talk/install/talker_node/bin'
[20.837s] Level 1:colcon.colcon_core.environment:checking '/root/ros2course/ch2-3-make-the-nodes-talk/install/talker_node/lib/pkgconfig/talker_node.pc'
[20.838s] Level 1:colcon.colcon_core.environment:checking '/root/ros2course/ch2-3-make-the-nodes-talk/install/talker_node/lib/python3.12/site-packages'
[20.838s] Level 1:colcon.colcon_core.environment:checking '/root/ros2course/ch2-3-make-the-nodes-talk/install/talker_node/bin'
[20.839s] INFO:colcon.colcon_core.shell:Creating package script '/root/ros2course/ch2-3-make-the-nodes-talk/install/talker_node/share/talker_node/package.ps1'
[20.840s] INFO:colcon.colcon_core.shell:Creating package descriptor '/root/ros2course/ch2-3-make-the-nodes-talk/install/talker_node/share/talker_node/package.dsv'
[20.841s] INFO:colcon.colcon_core.shell:Creating package script '/root/ros2course/ch2-3-make-the-nodes-talk/install/talker_node/share/talker_node/package.sh'
[20.842s] INFO:colcon.colcon_core.shell:Creating package script '/root/ros2course/ch2-3-make-the-nodes-talk/install/talker_node/share/talker_node/package.bash'
[20.843s] INFO:colcon.colcon_core.shell:Creating package script '/root/ros2course/ch2-3-make-the-nodes-talk/install/talker_node/share/talker_node/package.zsh'
[20.844s] Level 1:colcon.colcon_core.environment:create_file_with_runtime_dependencies(/root/ros2course/ch2-3-make-the-nodes-talk/install/talker_node/share/colcon-core/packages/talker_node)
[20.846s] Level 1:colcon.colcon_core.environment:create_environment_scripts_only(talker_node)
[20.847s] Level 1:colcon.colcon_core.environment:checking '/root/ros2course/ch2-3-make-the-nodes-talk/install/talker_node' for CMake module files
[20.848s] Level 1:colcon.colcon_core.environment:checking '/root/ros2course/ch2-3-make-the-nodes-talk/install/talker_node' for CMake config files
[20.850s] Level 1:colcon.colcon_core.shell:create_environment_hook('talker_node', 'cmake_prefix_path')
[20.850s] INFO:colcon.colcon_core.shell:Creating environment hook '/root/ros2course/ch2-3-make-the-nodes-talk/install/talker_node/share/talker_node/hook/cmake_prefix_path.ps1'
[20.852s] INFO:colcon.colcon_core.shell:Creating environment descriptor '/root/ros2course/ch2-3-make-the-nodes-talk/install/talker_node/share/talker_node/hook/cmake_prefix_path.dsv'
[20.852s] INFO:colcon.colcon_core.shell:Creating environment hook '/root/ros2course/ch2-3-make-the-nodes-talk/install/talker_node/share/talker_node/hook/cmake_prefix_path.sh'
[20.853s] Level 1:colcon.colcon_core.environment:checking '/root/ros2course/ch2-3-make-the-nodes-talk/install/talker_node/lib'
[20.854s] Level 1:colcon.colcon_core.environment:checking '/root/ros2course/ch2-3-make-the-nodes-talk/install/talker_node/bin'
[20.854s] Level 1:colcon.colcon_core.environment:checking '/root/ros2course/ch2-3-make-the-nodes-talk/install/talker_node/lib/pkgconfig/talker_node.pc'
[20.854s] Level 1:colcon.colcon_core.environment:checking '/root/ros2course/ch2-3-make-the-nodes-talk/install/talker_node/lib/python3.12/site-packages'
[20.855s] Level 1:colcon.colcon_core.environment:checking '/root/ros2course/ch2-3-make-the-nodes-talk/install/talker_node/bin'
[20.855s] INFO:colcon.colcon_core.shell:Creating package script '/root/ros2course/ch2-3-make-the-nodes-talk/install/talker_node/share/talker_node/package.ps1'
[20.856s] INFO:colcon.colcon_core.shell:Creating package descriptor '/root/ros2course/ch2-3-make-the-nodes-talk/install/talker_node/share/talker_node/package.dsv'
[20.857s] INFO:colcon.colcon_core.shell:Creating package script '/root/ros2course/ch2-3-make-the-nodes-talk/install/talker_node/share/talker_node/package.sh'
[20.857s] INFO:colcon.colcon_core.shell:Creating package script '/root/ros2course/ch2-3-make-the-nodes-talk/install/talker_node/share/talker_node/package.bash'
[20.858s] INFO:colcon.colcon_core.shell:Creating package script '/root/ros2course/ch2-3-make-the-nodes-talk/install/talker_node/share/talker_node/package.zsh'
[20.859s] Level 1:colcon.colcon_core.environment:create_file_with_runtime_dependencies(/root/ros2course/ch2-3-make-the-nodes-talk/install/talker_node/share/colcon-core/packages/talker_node)
[20.859s] DEBUG:colcon.colcon_parallel_executor.executor.parallel:closing loop
[20.860s] DEBUG:colcon.colcon_parallel_executor.executor.parallel:loop closed
[20.860s] DEBUG:colcon.colcon_parallel_executor.executor.parallel:run_until_complete finished with '0'
[20.860s] DEBUG:colcon.colcon_core.event_reactor:joining thread
[20.870s] INFO:colcon.colcon_core.plugin_system:Skipping extension 'colcon_notification.desktop_notification.notify_send': Could not find 'notify-send'
[20.870s] INFO:colcon.colcon_core.plugin_system:Skipping extension 'colcon_notification.desktop_notification.terminal_notifier': Not used on non-Darwin systems
[20.870s] INFO:colcon.colcon_core.plugin_system:Skipping extension 'colcon_notification.desktop_notification.win32': Not used on non-Windows systems
[20.871s] INFO:colcon.colcon_notification.desktop_notification:Sending desktop notification using 'notify2'
[20.871s] DEBUG:colcon.colcon_notification.desktop_notification.notify2:Failed to initialize notify2: org.freedesktop.DBus.Error.NotSupported: Unable to autolaunch a dbus-daemon without a $DISPLAY for X11
[20.871s] DEBUG:colcon.colcon_core.event_reactor:joined thread
[20.871s] INFO:colcon.colcon_core.shell:Creating prefix script '/root/ros2course/ch2-3-make-the-nodes-talk/install/local_setup.ps1'
[20.872s] INFO:colcon.colcon_core.shell:Creating prefix util module '/root/ros2course/ch2-3-make-the-nodes-talk/install/_local_setup_util_ps1.py'
[20.874s] INFO:colcon.colcon_core.shell:Creating prefix chain script '/root/ros2course/ch2-3-make-the-nodes-talk/install/setup.ps1'
[20.875s] INFO:colcon.colcon_core.shell:Creating prefix script '/root/ros2course/ch2-3-make-the-nodes-talk/install/local_setup.sh'
[20.876s] INFO:colcon.colcon_core.shell:Creating prefix util module '/root/ros2course/ch2-3-make-the-nodes-talk/install/_local_setup_util_sh.py'
[20.877s] INFO:colcon.colcon_core.shell:Creating prefix chain script '/root/ros2course/ch2-3-make-the-nodes-talk/install/setup.sh'
[20.878s] INFO:colcon.colcon_core.shell:Creating prefix script '/root/ros2course/ch2-3-make-the-nodes-talk/install/local_setup.bash'
[20.879s] INFO:colcon.colcon_core.shell:Creating prefix chain script '/root/ros2course/ch2-3-make-the-nodes-talk/install/setup.bash'
[20.882s] INFO:colcon.colcon_core.shell:Creating prefix script '/root/ros2course/ch2-3-make-the-nodes-talk/install/local_setup.zsh'
[20.886s] INFO:colcon.colcon_core.shell:Creating prefix chain script '/root/ros2course/ch2-3-make-the-nodes-talk/install/setup.zsh'
