[0.021s] Invoking command in '/root/ros2course/ch2-2-defining-messages/build/example_messages': CMAKE_PREFIX_PATH=${CMAKE_PREFIX_PATH}:/root/ros2course/ch2-1-creating-nodes/ros2-node-test-workspace/install/ros2-sample-package-python:/opt/ros/jazzy /usr/bin/cmake /root/ros2course/ch2-2-defining-messages/example_messages -DCMAKE_INSTALL_PREFIX=/root/ros2course/ch2-2-defining-messages/install/example_messages
[0.040s] -- Found ament_cmake: 2.5.4 (/opt/ros/jazzy/share/ament_cmake/cmake)
[0.347s] -- Found ament_lint_auto: 0.17.3 (/opt/ros/jazzy/share/ament_lint_auto/cmake)
[0.478s] -- Added test 'lint_cmake' to check CMake code style
[0.482s] -- Added test 'xmllint' to check XML markup files
[0.484s] -- Configuring done (0.4s)
[0.504s] -- Generating done (0.0s)
[0.510s] -- Build files have been written to: /root/ros2course/ch2-2-defining-messages/build/example_messages
[0.514s] Invoked command in '/root/ros2course/ch2-2-defining-messages/build/example_messages' returned '0': CMAKE_PREFIX_PATH=${CMAKE_PREFIX_PATH}:/root/ros2course/ch2-1-creating-nodes/ros2-node-test-workspace/install/ros2-sample-package-python:/opt/ros/jazzy /usr/bin/cmake /root/ros2course/ch2-2-defining-messages/example_messages -DCMAKE_INSTALL_PREFIX=/root/ros2course/ch2-2-defining-messages/install/example_messages
[0.517s] Invoking command in '/root/ros2course/ch2-2-defining-messages/build/example_messages': CMAKE_PREFIX_PATH=${CMAKE_PREFIX_PATH}:/root/ros2course/ch2-1-creating-nodes/ros2-node-test-workspace/install/ros2-sample-package-python:/opt/ros/jazzy /usr/bin/cmake --build /root/ros2course/ch2-2-defining-messages/build/example_messages -- -j8 -l8
[0.583s] Invoked command in '/root/ros2course/ch2-2-defining-messages/build/example_messages' returned '0': CMAKE_PREFIX_PATH=${CMAKE_PREFIX_PATH}:/root/ros2course/ch2-1-creating-nodes/ros2-node-test-workspace/install/ros2-sample-package-python:/opt/ros/jazzy /usr/bin/cmake --build /root/ros2course/ch2-2-defining-messages/build/example_messages -- -j8 -l8
[0.598s] Invoking command in '/root/ros2course/ch2-2-defining-messages/build/example_messages': CMAKE_PREFIX_PATH=${CMAKE_PREFIX_PATH}:/root/ros2course/ch2-1-creating-nodes/ros2-node-test-workspace/install/ros2-sample-package-python:/opt/ros/jazzy /usr/bin/cmake --install /root/ros2course/ch2-2-defining-messages/build/example_messages
[0.613s] -- Install configuration: ""
[0.615s] -- Installing: /root/ros2course/ch2-2-defining-messages/install/example_messages/share/ament_index/resource_index/package_run_dependencies/example_messages
[0.617s] -- Installing: /root/ros2course/ch2-2-defining-messages/install/example_messages/share/ament_index/resource_index/parent_prefix_path/example_messages
[0.619s] -- Installing: /root/ros2course/ch2-2-defining-messages/install/example_messages/share/example_messages/environment/ament_prefix_path.sh
[0.619s] -- Installing: /root/ros2course/ch2-2-defining-messages/install/example_messages/share/example_messages/environment/ament_prefix_path.dsv
[0.620s] -- Installing: /root/ros2course/ch2-2-defining-messages/install/example_messages/share/example_messages/environment/path.sh
[0.620s] -- Installing: /root/ros2course/ch2-2-defining-messages/install/example_messages/share/example_messages/environment/path.dsv
[0.621s] -- Installing: /root/ros2course/ch2-2-defining-messages/install/example_messages/share/example_messages/local_setup.bash
[0.621s] -- Installing: /root/ros2course/ch2-2-defining-messages/install/example_messages/share/example_messages/local_setup.sh
[0.622s] -- Installing: /root/ros2course/ch2-2-defining-messages/install/example_messages/share/example_messages/local_setup.zsh
[0.622s] -- Installing: /root/ros2course/ch2-2-defining-messages/install/example_messages/share/example_messages/local_setup.dsv
[0.623s] -- Installing: /root/ros2course/ch2-2-defining-messages/install/example_messages/share/example_messages/package.dsv
[0.624s] -- Installing: /root/ros2course/ch2-2-defining-messages/install/example_messages/share/ament_index/resource_index/packages/example_messages
[0.626s] -- Installing: /root/ros2course/ch2-2-defining-messages/install/example_messages/share/example_messages/cmake/example_messagesConfig.cmake
[0.626s] -- Installing: /root/ros2course/ch2-2-defining-messages/install/example_messages/share/example_messages/cmake/example_messagesConfig-version.cmake
[0.627s] -- Installing: /root/ros2course/ch2-2-defining-messages/install/example_messages/share/example_messages/package.xml
[0.630s] Invoked command in '/root/ros2course/ch2-2-defining-messages/build/example_messages' returned '0': CMAKE_PREFIX_PATH=${CMAKE_PREFIX_PATH}:/root/ros2course/ch2-1-creating-nodes/ros2-node-test-workspace/install/ros2-sample-package-python:/opt/ros/jazzy /usr/bin/cmake --install /root/ros2course/ch2-2-defining-messages/build/example_messages
